[debug] [2025-09-23T01:46:33.716Z] ----------------------------------------------------------------------
[debug] [2025-09-23T01:46:33.719Z] Command:       C:\Program Files\nodejs\node.exe C:\Users\acer0\AppData\Roaming\npm\node_modules\firebase-tools\lib\bin\firebase.js deploy --only functions
[debug] [2025-09-23T01:46:33.719Z] CLI Version:   14.15.2
[debug] [2025-09-23T01:46:33.719Z] Platform:      win32
[debug] [2025-09-23T01:46:33.719Z] Node Version:  v22.17.1
[debug] [2025-09-23T01:46:33.720Z] Time:          Tue Sep 23 2025 09:46:33 GMT+0800 (Philippine Standard Time)
[debug] [2025-09-23T01:46:33.720Z] ----------------------------------------------------------------------
[debug] 
[debug] [2025-09-23T01:46:33.958Z] > command requires scopes: ["email","openid","https://www.googleapis.com/auth/cloudplatformprojects.readonly","https://www.googleapis.com/auth/firebase","https://www.googleapis.com/auth/cloud-platform"]
[debug] [2025-09-23T01:46:33.958Z] > authorizing via signed-in user (johnn.onezero@gmail.com)
[debug] [2025-09-23T01:46:33.959Z] [iam] checking project healthcenter-61826 for permissions ["cloudfunctions.functions.create","cloudfunctions.functions.delete","cloudfunctions.functions.get","cloudfunctions.functions.list","cloudfunctions.functions.update","cloudfunctions.operations.get","firebase.projects.get"]
[debug] [2025-09-23T01:46:33.960Z] Checked if tokens are valid: false, expires at: 1758582796456
[debug] [2025-09-23T01:46:33.960Z] Checked if tokens are valid: false, expires at: 1758582796456
[debug] [2025-09-23T01:46:33.960Z] > refreshing access token with scopes: []
[debug] [2025-09-23T01:46:33.962Z] >>> [apiv2][query] POST https://www.googleapis.com/oauth2/v3/token [none]
[debug] [2025-09-23T01:46:33.962Z] >>> [apiv2][body] POST https://www.googleapis.com/oauth2/v3/token [omitted]
[debug] [2025-09-23T01:46:34.687Z] <<< [apiv2][status] POST https://www.googleapis.com/oauth2/v3/token 200
[debug] [2025-09-23T01:46:34.688Z] <<< [apiv2][body] POST https://www.googleapis.com/oauth2/v3/token [omitted]
[debug] [2025-09-23T01:46:34.695Z] >>> [apiv2][query] POST https://cloudresourcemanager.googleapis.com/v1/projects/healthcenter-61826:testIamPermissions [none]
[debug] [2025-09-23T01:46:34.695Z] >>> [apiv2][(partial)header] POST https://cloudresourcemanager.googleapis.com/v1/projects/healthcenter-61826:testIamPermissions x-goog-quota-user=projects/healthcenter-61826
[debug] [2025-09-23T01:46:34.695Z] >>> [apiv2][body] POST https://cloudresourcemanager.googleapis.com/v1/projects/healthcenter-61826:testIamPermissions {"permissions":["cloudfunctions.functions.create","cloudfunctions.functions.delete","cloudfunctions.functions.get","cloudfunctions.functions.list","cloudfunctions.functions.update","cloudfunctions.operations.get","firebase.projects.get"]}
[debug] [2025-09-23T01:46:36.073Z] <<< [apiv2][status] POST https://cloudresourcemanager.googleapis.com/v1/projects/healthcenter-61826:testIamPermissions 200
[debug] [2025-09-23T01:46:36.073Z] <<< [apiv2][body] POST https://cloudresourcemanager.googleapis.com/v1/projects/healthcenter-61826:testIamPermissions {"permissions":["cloudfunctions.functions.create","cloudfunctions.functions.delete","cloudfunctions.functions.get","cloudfunctions.functions.list","cloudfunctions.functions.update","cloudfunctions.operations.get","firebase.projects.get"]}
[debug] [2025-09-23T01:46:36.073Z] Checked if tokens are valid: true, expires at: 1758595593688
[debug] [2025-09-23T01:46:36.073Z] Checked if tokens are valid: true, expires at: 1758595593688
[debug] [2025-09-23T01:46:36.074Z] >>> [apiv2][query] POST https://iam.googleapis.com/v1/projects/healthcenter-61826/serviceAccounts/healthcenter-61826@appspot.gserviceaccount.com:testIamPermissions [none]
[debug] [2025-09-23T01:46:36.074Z] >>> [apiv2][body] POST https://iam.googleapis.com/v1/projects/healthcenter-61826/serviceAccounts/healthcenter-61826@appspot.gserviceaccount.com:testIamPermissions {"permissions":["iam.serviceAccounts.actAs"]}
[debug] [2025-09-23T01:46:37.461Z] <<< [apiv2][status] POST https://iam.googleapis.com/v1/projects/healthcenter-61826/serviceAccounts/healthcenter-61826@appspot.gserviceaccount.com:testIamPermissions 200
[debug] [2025-09-23T01:46:37.464Z] <<< [apiv2][body] POST https://iam.googleapis.com/v1/projects/healthcenter-61826/serviceAccounts/healthcenter-61826@appspot.gserviceaccount.com:testIamPermissions {"permissions":["iam.serviceAccounts.actAs"]}
[info] 
[info] === Deploying to 'healthcenter-61826'...
[info] 
[info] i  deploying functions 
[debug] [2025-09-23T01:46:37.470Z] Checked if tokens are valid: true, expires at: 1758595593688
[debug] [2025-09-23T01:46:37.470Z] Checked if tokens are valid: true, expires at: 1758595593688
[debug] [2025-09-23T01:46:37.470Z] >>> [apiv2][query] GET https://cloudresourcemanager.googleapis.com/v1/projects/healthcenter-61826 [none]
[debug] [2025-09-23T01:46:37.732Z] <<< [apiv2][status] GET https://cloudresourcemanager.googleapis.com/v1/projects/healthcenter-61826 200
[debug] [2025-09-23T01:46:37.732Z] <<< [apiv2][body] GET https://cloudresourcemanager.googleapis.com/v1/projects/healthcenter-61826 {"projectNumber":"469079304917","projectId":"healthcenter-61826","lifecycleState":"ACTIVE","name":"HealthCenter","labels":{"firebase":"enabled","firebase-core":"disabled"},"createTime":"2025-09-21T07:46:00.259542Z"}
[info] i  functions: preparing codebase default for deployment 
[info] i  functions: ensuring required API cloudfunctions.googleapis.com is enabled... 
[info] i  functions: ensuring required API cloudbuild.googleapis.com is enabled... 
[info] i  artifactregistry: ensuring required API artifactregistry.googleapis.com is enabled... 
[debug] [2025-09-23T01:46:37.740Z] Checked if tokens are valid: true, expires at: 1758595593688
[debug] [2025-09-23T01:46:37.740Z] Checked if tokens are valid: true, expires at: 1758595593688
[debug] [2025-09-23T01:46:37.740Z] >>> [apiv2][query] GET https://firebase.googleapis.com/v1beta1/projects/healthcenter-61826/adminSdkConfig [none]
[debug] [2025-09-23T01:46:38.594Z] <<< [apiv2][status] GET https://firebase.googleapis.com/v1beta1/projects/healthcenter-61826/adminSdkConfig 200
[debug] [2025-09-23T01:46:38.594Z] <<< [apiv2][body] GET https://firebase.googleapis.com/v1beta1/projects/healthcenter-61826/adminSdkConfig {"projectId":"healthcenter-61826","storageBucket":"healthcenter-61826.firebasestorage.app"}
[debug] [2025-09-23T01:46:38.595Z] Checked if tokens are valid: true, expires at: 1758595593688
[debug] [2025-09-23T01:46:38.595Z] Checked if tokens are valid: true, expires at: 1758595593688
[debug] [2025-09-23T01:46:38.595Z] >>> [apiv2][query] GET https://runtimeconfig.googleapis.com/v1beta1/projects/healthcenter-61826/configs [none]
[debug] [2025-09-23T01:46:39.155Z] <<< [apiv2][status] GET https://runtimeconfig.googleapis.com/v1beta1/projects/healthcenter-61826/configs 200
[debug] [2025-09-23T01:46:39.155Z] <<< [apiv2][body] GET https://runtimeconfig.googleapis.com/v1beta1/projects/healthcenter-61826/configs {}
[debug] [2025-09-23T01:46:39.160Z] Validating nodejs source
[debug] [2025-09-23T01:46:40.736Z] > [functions] package.json contents: {
  "name": "functions",
  "description": "Cloud Functions for Firebase",
  "scripts": {
    "serve": "firebase emulators:start --only functions",
    "shell": "firebase functions:shell",
    "start": "npm run shell",
    "deploy": "firebase deploy --only functions",
    "logs": "firebase functions:log"
  },
  "engines": {
    "node": "22"
  },
  "main": "index.js",
  "dependencies": {
    "firebase-admin": "^12.7.0",
    "firebase-functions": "^6.4.0"
  },
  "devDependencies": {
    "firebase-functions-test": "^3.1.0"
  },
  "private": true
}
[debug] [2025-09-23T01:46:40.736Z] Building nodejs source
[info] i  functions: Loading and analyzing source code for codebase default to determine what to deploy 
[debug] [2025-09-23T01:46:40.742Z] Could not find functions.yaml. Must use http discovery
[debug] [2025-09-23T01:46:40.753Z] Found firebase-functions binary at 'D:\tagum-heatmap\functions\node_modules\.bin\firebase-functions'
[info] Serving at port 8028

[debug] [2025-09-23T01:46:41.491Z] Got response from /__/functions.yaml {"endpoints":{"helloWorld":{"availableMemoryMb":null,"timeoutSeconds":null,"minInstances":null,"maxInstances":null,"ingressSettings":null,"concurrency":null,"serviceAccountEmail":null,"vpc":null,"platform":"gcfv2","labels":{},"httpsTrigger":{},"entryPoint":"helloWorld"}},"specVersion":"v1alpha1","requiredAPIs":[],"extensions":{}}
[info] i  extensions: ensuring required API firebaseextensions.googleapis.com is enabled... 
[debug] [2025-09-23T01:46:45.542Z] > command requires scopes: ["email","openid","https://www.googleapis.com/auth/cloudplatformprojects.readonly","https://www.googleapis.com/auth/firebase","https://www.googleapis.com/auth/cloud-platform"]
[debug] [2025-09-23T01:46:45.542Z] > authorizing via signed-in user (johnn.onezero@gmail.com)
[debug] [2025-09-23T01:46:45.542Z] [iam] checking project healthcenter-61826 for permissions ["firebase.projects.get","firebaseextensions.instances.list"]
[debug] [2025-09-23T01:46:45.542Z] Checked if tokens are valid: true, expires at: 1758595593688
[debug] [2025-09-23T01:46:45.542Z] Checked if tokens are valid: true, expires at: 1758595593688
[debug] [2025-09-23T01:46:45.543Z] >>> [apiv2][query] POST https://cloudresourcemanager.googleapis.com/v1/projects/healthcenter-61826:testIamPermissions [none]
[debug] [2025-09-23T01:46:45.543Z] >>> [apiv2][(partial)header] POST https://cloudresourcemanager.googleapis.com/v1/projects/healthcenter-61826:testIamPermissions x-goog-quota-user=projects/healthcenter-61826
[debug] [2025-09-23T01:46:45.543Z] >>> [apiv2][body] POST https://cloudresourcemanager.googleapis.com/v1/projects/healthcenter-61826:testIamPermissions {"permissions":["firebase.projects.get","firebaseextensions.instances.list"]}
[debug] [2025-09-23T01:46:47.168Z] <<< [apiv2][status] POST https://cloudresourcemanager.googleapis.com/v1/projects/healthcenter-61826:testIamPermissions 200
[debug] [2025-09-23T01:46:47.168Z] <<< [apiv2][body] POST https://cloudresourcemanager.googleapis.com/v1/projects/healthcenter-61826:testIamPermissions {"permissions":["firebase.projects.get","firebaseextensions.instances.list"]}
[debug] [2025-09-23T01:46:47.169Z] Checked if tokens are valid: true, expires at: 1758595593688
[debug] [2025-09-23T01:46:47.169Z] Checked if tokens are valid: true, expires at: 1758595593688
[debug] [2025-09-23T01:46:47.169Z] >>> [apiv2][query] GET https://firebaseextensions.googleapis.com/v1beta/projects/healthcenter-61826/instances pageSize=100&pageToken=
[debug] [2025-09-23T01:46:48.872Z] <<< [apiv2][status] GET https://firebaseextensions.googleapis.com/v1beta/projects/healthcenter-61826/instances 200
[debug] [2025-09-23T01:46:48.873Z] <<< [apiv2][body] GET https://firebaseextensions.googleapis.com/v1beta/projects/healthcenter-61826/instances {}
[info] i  functions: preparing functions directory for uploading... 
[info] i  functions: packaged D:\tagum-heatmap\functions (29.9 KB) for uploading 
[debug] [2025-09-23T01:46:48.931Z] Checked if tokens are valid: true, expires at: 1758595593688
[debug] [2025-09-23T01:46:48.932Z] Checked if tokens are valid: true, expires at: 1758595593688
[debug] [2025-09-23T01:46:48.932Z] >>> [apiv2][query] GET https://cloudfunctions.googleapis.com/v1/projects/healthcenter-61826/locations/-/functions [none]
[debug] [2025-09-23T01:46:50.118Z] <<< [apiv2][status] GET https://cloudfunctions.googleapis.com/v1/projects/healthcenter-61826/locations/-/functions 200
[debug] [2025-09-23T01:46:50.118Z] <<< [apiv2][body] GET https://cloudfunctions.googleapis.com/v1/projects/healthcenter-61826/locations/-/functions {}
[debug] [2025-09-23T01:46:50.119Z] Checked if tokens are valid: true, expires at: 1758595593688
[debug] [2025-09-23T01:46:50.120Z] Checked if tokens are valid: true, expires at: 1758595593688
[debug] [2025-09-23T01:46:50.120Z] >>> [apiv2][query] GET https://cloudfunctions.googleapis.com/v2/projects/healthcenter-61826/locations/-/functions filter=environment%3D%22GEN_2%22
[debug] [2025-09-23T01:46:51.698Z] <<< [apiv2][status] GET https://cloudfunctions.googleapis.com/v2/projects/healthcenter-61826/locations/-/functions 200
[debug] [2025-09-23T01:46:51.698Z] <<< [apiv2][body] GET https://cloudfunctions.googleapis.com/v2/projects/healthcenter-61826/locations/-/functions {"functions":[{"name":"projects/healthcenter-61826/locations/us-central1/functions/helloWorld","buildConfig":{"build":"projects/469079304917/locations/us-central1/builds/65362205-a32d-4d8b-936d-89a6295db757","runtime":"nodejs22","entryPoint":"helloWorld","source":{"storageSource":{"bucket":"gcf-v2-sources-469079304917-us-central1","object":"helloWorld/function-source.zip","generation":"1758579679551992"}},"environmentVariables":{"GOOGLE_NODE_RUN_SCRIPTS":""},"dockerRepository":"projects/healthcenter-61826/locations/us-central1/repositories/gcf-artifacts","sourceProvenance":{"resolvedStorageSource":{"bucket":"gcf-v2-sources-469079304917-us-central1","object":"helloWorld/function-source.zip","generation":"1758579679551992"}},"dockerRegistry":"ARTIFACT_REGISTRY","serviceAccount":"projects/healthcenter-61826/serviceAccounts/469079304917-compute@developer.gserviceaccount.com","automaticUpdatePolicy":{}},"state":"FAILED","updateTime":"2025-09-22T22:22:16.854590969Z","labels":{"deployment-tool":"cli-firebase","firebase-functions-hash":"613039e3ff79e856983aec6ac82062e62ae50b31"},"stateMessages":[{"severity":"ERROR","type":"CloudRunServiceNotFound","message":"Cloud Run service projects/healthcenter-61826/locations/us-central1/services/helloworld for the function was not found. The function will not work correctly. Please redeploy."}],"environment":"GEN_2","url":"https://us-central1-healthcenter-61826.cloudfunctions.net/helloWorld","createTime":"2025-09-22T22:21:19.801915182Z","satisfiesPzi":true}]}
[info] i  functions: ensuring required API run.googleapis.com is enabled... 
[info] i  functions: ensuring required API eventarc.googleapis.com is enabled... 
[info] i  functions: ensuring required API pubsub.googleapis.com is enabled... 
[info] i  functions: ensuring required API storage.googleapis.com is enabled... 
[info] i  functions: generating the service identity for pubsub.googleapis.com... 
[debug] [2025-09-23T01:46:51.706Z] Checked if tokens are valid: true, expires at: 1758595593688
[debug] [2025-09-23T01:46:51.706Z] Checked if tokens are valid: true, expires at: 1758595593688
[info] i  functions: generating the service identity for eventarc.googleapis.com... 
[debug] [2025-09-23T01:46:51.707Z] Checked if tokens are valid: true, expires at: 1758595593688
[debug] [2025-09-23T01:46:51.707Z] Checked if tokens are valid: true, expires at: 1758595593688
[debug] [2025-09-23T01:46:51.707Z] >>> [apiv2][query] POST https://serviceusage.googleapis.com/v1beta1/projects/469079304917/services/pubsub.googleapis.com:generateServiceIdentity [none]
[debug] [2025-09-23T01:46:51.707Z] >>> [apiv2][(partial)header] POST https://serviceusage.googleapis.com/v1beta1/projects/469079304917/services/pubsub.googleapis.com:generateServiceIdentity x-goog-quota-user=projects/469079304917
[debug] [2025-09-23T01:46:51.707Z] >>> [apiv2][body] POST https://serviceusage.googleapis.com/v1beta1/projects/469079304917/services/pubsub.googleapis.com:generateServiceIdentity {}
[debug] [2025-09-23T01:46:51.709Z] >>> [apiv2][query] POST https://serviceusage.googleapis.com/v1beta1/projects/469079304917/services/eventarc.googleapis.com:generateServiceIdentity [none]
[debug] [2025-09-23T01:46:51.709Z] >>> [apiv2][(partial)header] POST https://serviceusage.googleapis.com/v1beta1/projects/469079304917/services/eventarc.googleapis.com:generateServiceIdentity x-goog-quota-user=projects/469079304917
[debug] [2025-09-23T01:46:51.709Z] >>> [apiv2][body] POST https://serviceusage.googleapis.com/v1beta1/projects/469079304917/services/eventarc.googleapis.com:generateServiceIdentity {}
[debug] [2025-09-23T01:46:53.849Z] <<< [apiv2][status] POST https://serviceusage.googleapis.com/v1beta1/projects/469079304917/services/eventarc.googleapis.com:generateServiceIdentity 200
[debug] [2025-09-23T01:46:53.849Z] <<< [apiv2][body] POST https://serviceusage.googleapis.com/v1beta1/projects/469079304917/services/eventarc.googleapis.com:generateServiceIdentity {"name":"operations/finished.DONE_OPERATION","done":true,"response":{"@type":"type.googleapis.com/google.api.serviceusage.v1beta1.ServiceIdentity","email":"service-469079304917@gcp-sa-eventarc.iam.gserviceaccount.com","uniqueId":"103192174610148065907"}}
[debug] [2025-09-23T01:46:53.850Z] <<< [apiv2][status] POST https://serviceusage.googleapis.com/v1beta1/projects/469079304917/services/pubsub.googleapis.com:generateServiceIdentity 200
[debug] [2025-09-23T01:46:53.850Z] <<< [apiv2][body] POST https://serviceusage.googleapis.com/v1beta1/projects/469079304917/services/pubsub.googleapis.com:generateServiceIdentity {"name":"operations/finished.DONE_OPERATION","done":true,"response":{"@type":"type.googleapis.com/google.api.serviceusage.v1beta1.ServiceIdentity","email":"service-469079304917@gcp-sa-pubsub.iam.gserviceaccount.com","uniqueId":"102288638030777513510"}}
[debug] [2025-09-23T01:46:53.852Z] Checked if tokens are valid: true, expires at: 1758595593688
[debug] [2025-09-23T01:46:53.853Z] Checked if tokens are valid: true, expires at: 1758595593688
[debug] [2025-09-23T01:46:53.853Z] >>> [apiv2][query] GET https://cloudresourcemanager.googleapis.com/v1/projects/healthcenter-61826 [none]
[debug] [2025-09-23T01:46:55.647Z] <<< [apiv2][status] GET https://cloudresourcemanager.googleapis.com/v1/projects/healthcenter-61826 200
[debug] [2025-09-23T01:46:55.647Z] <<< [apiv2][body] GET https://cloudresourcemanager.googleapis.com/v1/projects/healthcenter-61826 {"projectNumber":"469079304917","projectId":"healthcenter-61826","lifecycleState":"ACTIVE","name":"HealthCenter","labels":{"firebase":"enabled","firebase-core":"disabled"},"createTime":"2025-09-21T07:46:00.259542Z"}
[debug] [2025-09-23T01:46:55.647Z] Checked if tokens are valid: true, expires at: 1758595593688
[debug] [2025-09-23T01:46:55.648Z] Checked if tokens are valid: true, expires at: 1758595593688
[debug] [2025-09-23T01:46:55.648Z] >>> [apiv2][query] GET https://compute.googleapis.com/compute/v1/projects/469079304917 [none]
[debug] [2025-09-23T01:46:56.094Z] <<< [apiv2][status] GET https://compute.googleapis.com/compute/v1/projects/469079304917 403
[debug] [2025-09-23T01:46:56.095Z] <<< [apiv2][body] GET https://compute.googleapis.com/compute/v1/projects/469079304917 {"error":{"code":403,"message":"Compute Engine API has not been used in project 469079304917 before or it is disabled. Enable it by visiting https://console.developers.google.com/apis/api/compute.googleapis.com/overview?project=469079304917 then retry. If you enabled this API recently, wait a few minutes for the action to propagate to our systems and retry.","errors":[{"message":"Compute Engine API has not been used in project 469079304917 before or it is disabled. Enable it by visiting https://console.developers.google.com/apis/api/compute.googleapis.com/overview?project=469079304917 then retry. If you enabled this API recently, wait a few minutes for the action to propagate to our systems and retry.","domain":"usageLimits","reason":"accessNotConfigured","extendedHelp":"https://console.developers.google.com"}],"status":"PERMISSION_DENIED","details":[{"@type":"type.googleapis.com/google.rpc.ErrorInfo","reason":"SERVICE_DISABLED","domain":"googleapis.com","metadata":{"serviceTitle":"Compute Engine API","containerInfo":"469079304917","service":"compute.googleapis.com","activationUrl":"https://console.developers.google.com/apis/api/compute.googleapis.com/overview?project=469079304917","consumer":"projects/469079304917"}},{"@type":"type.googleapis.com/google.rpc.LocalizedMessage","locale":"en-US","message":"Compute Engine API has not been used in project 469079304917 before or it is disabled. Enable it by visiting https://console.developers.google.com/apis/api/compute.googleapis.com/overview?project=469079304917 then retry. If you enabled this API recently, wait a few minutes for the action to propagate to our systems and retry."},{"@type":"type.googleapis.com/google.rpc.Help","links":[{"description":"Google developers console API activation","url":"https://console.developers.google.com/apis/api/compute.googleapis.com/overview?project=469079304917"}]}]}}
[debug] [2025-09-23T01:46:56.095Z] unable to look up default compute service account. Falling back to 469079304917-compute@developer.gserviceaccount.com. Error: {"name":"FirebaseError","children":[],"context":{"body":{"error":{"code":403,"message":"Compute Engine API has not been used in project 469079304917 before or it is disabled. Enable it by visiting https://console.developers.google.com/apis/api/compute.googleapis.com/overview?project=469079304917 then retry. If you enabled this API recently, wait a few minutes for the action to propagate to our systems and retry.","errors":[{"message":"Compute Engine API has not been used in project 469079304917 before or it is disabled. Enable it by visiting https://console.developers.google.com/apis/api/compute.googleapis.com/overview?project=469079304917 then retry. If you enabled this API recently, wait a few minutes for the action to propagate to our systems and retry.","domain":"usageLimits","reason":"accessNotConfigured","extendedHelp":"https://console.developers.google.com"}],"status":"PERMISSION_DENIED","details":[{"@type":"type.googleapis.com/google.rpc.ErrorInfo","reason":"SERVICE_DISABLED","domain":"googleapis.com","metadata":{"serviceTitle":"Compute Engine API","containerInfo":"469079304917","service":"compute.googleapis.com","activationUrl":"https://console.developers.google.com/apis/api/compute.googleapis.com/overview?project=469079304917","consumer":"projects/469079304917"}},{"@type":"type.googleapis.com/google.rpc.LocalizedMessage","locale":"en-US","message":"Compute Engine API has not been used in project 469079304917 before or it is disabled. Enable it by visiting https://console.developers.google.com/apis/api/compute.googleapis.com/overview?project=469079304917 then retry. If you enabled this API recently, wait a few minutes for the action to propagate to our systems and retry."},{"@type":"type.googleapis.com/google.rpc.Help","links":[{"description":"Google developers console API activation","url":"https://console.developers.google.com/apis/api/compute.googleapis.com/overview?project=469079304917"}]}]}},"response":{"statusCode":403}},"exit":1,"message":"Request to https://compute.googleapis.com/compute/v1/projects/469079304917 had HTTP Error: 403, Compute Engine API has not been used in project 469079304917 before or it is disabled. Enable it by visiting https://console.developers.google.com/apis/api/compute.googleapis.com/overview?project=469079304917 then retry. If you enabled this API recently, wait a few minutes for the action to propagate to our systems and retry.","status":403}
[debug] [2025-09-23T01:46:56.095Z] Checked if tokens are valid: true, expires at: 1758595593688
[debug] [2025-09-23T01:46:56.096Z] Checked if tokens are valid: true, expires at: 1758595593688
[debug] [2025-09-23T01:46:56.096Z] >>> [apiv2][query] GET https://compute.googleapis.com/compute/v1/projects/469079304917 [none]
[debug] [2025-09-23T01:46:56.350Z] <<< [apiv2][status] GET https://compute.googleapis.com/compute/v1/projects/469079304917 403
[debug] [2025-09-23T01:46:56.351Z] <<< [apiv2][body] GET https://compute.googleapis.com/compute/v1/projects/469079304917 {"error":{"code":403,"message":"Compute Engine API has not been used in project 469079304917 before or it is disabled. Enable it by visiting https://console.developers.google.com/apis/api/compute.googleapis.com/overview?project=469079304917 then retry. If you enabled this API recently, wait a few minutes for the action to propagate to our systems and retry.","errors":[{"message":"Compute Engine API has not been used in project 469079304917 before or it is disabled. Enable it by visiting https://console.developers.google.com/apis/api/compute.googleapis.com/overview?project=469079304917 then retry. If you enabled this API recently, wait a few minutes for the action to propagate to our systems and retry.","domain":"usageLimits","reason":"accessNotConfigured","extendedHelp":"https://console.developers.google.com"}],"status":"PERMISSION_DENIED","details":[{"@type":"type.googleapis.com/google.rpc.ErrorInfo","reason":"SERVICE_DISABLED","domain":"googleapis.com","metadata":{"containerInfo":"469079304917","serviceTitle":"Compute Engine API","service":"compute.googleapis.com","activationUrl":"https://console.developers.google.com/apis/api/compute.googleapis.com/overview?project=469079304917","consumer":"projects/469079304917"}},{"@type":"type.googleapis.com/google.rpc.LocalizedMessage","locale":"en-US","message":"Compute Engine API has not been used in project 469079304917 before or it is disabled. Enable it by visiting https://console.developers.google.com/apis/api/compute.googleapis.com/overview?project=469079304917 then retry. If you enabled this API recently, wait a few minutes for the action to propagate to our systems and retry."},{"@type":"type.googleapis.com/google.rpc.Help","links":[{"description":"Google developers console API activation","url":"https://console.developers.google.com/apis/api/compute.googleapis.com/overview?project=469079304917"}]}]}}
[debug] [2025-09-23T01:46:56.351Z] unable to look up default compute service account. Falling back to 469079304917-compute@developer.gserviceaccount.com. Error: {"name":"FirebaseError","children":[],"context":{"body":{"error":{"code":403,"message":"Compute Engine API has not been used in project 469079304917 before or it is disabled. Enable it by visiting https://console.developers.google.com/apis/api/compute.googleapis.com/overview?project=469079304917 then retry. If you enabled this API recently, wait a few minutes for the action to propagate to our systems and retry.","errors":[{"message":"Compute Engine API has not been used in project 469079304917 before or it is disabled. Enable it by visiting https://console.developers.google.com/apis/api/compute.googleapis.com/overview?project=469079304917 then retry. If you enabled this API recently, wait a few minutes for the action to propagate to our systems and retry.","domain":"usageLimits","reason":"accessNotConfigured","extendedHelp":"https://console.developers.google.com"}],"status":"PERMISSION_DENIED","details":[{"@type":"type.googleapis.com/google.rpc.ErrorInfo","reason":"SERVICE_DISABLED","domain":"googleapis.com","metadata":{"containerInfo":"469079304917","serviceTitle":"Compute Engine API","service":"compute.googleapis.com","activationUrl":"https://console.developers.google.com/apis/api/compute.googleapis.com/overview?project=469079304917","consumer":"projects/469079304917"}},{"@type":"type.googleapis.com/google.rpc.LocalizedMessage","locale":"en-US","message":"Compute Engine API has not been used in project 469079304917 before or it is disabled. Enable it by visiting https://console.developers.google.com/apis/api/compute.googleapis.com/overview?project=469079304917 then retry. If you enabled this API recently, wait a few minutes for the action to propagate to our systems and retry."},{"@type":"type.googleapis.com/google.rpc.Help","links":[{"description":"Google developers console API activation","url":"https://console.developers.google.com/apis/api/compute.googleapis.com/overview?project=469079304917"}]}]}},"response":{"statusCode":403}},"exit":1,"message":"Request to https://compute.googleapis.com/compute/v1/projects/469079304917 had HTTP Error: 403, Compute Engine API has not been used in project 469079304917 before or it is disabled. Enable it by visiting https://console.developers.google.com/apis/api/compute.googleapis.com/overview?project=469079304917 then retry. If you enabled this API recently, wait a few minutes for the action to propagate to our systems and retry.","status":403}
[debug] [2025-09-23T01:46:56.352Z] Checked if tokens are valid: true, expires at: 1758595593688
[debug] [2025-09-23T01:46:56.352Z] Checked if tokens are valid: true, expires at: 1758595593688
[debug] [2025-09-23T01:46:56.353Z] >>> [apiv2][query] GET https://cloudbilling.googleapis.com/v1/projects/healthcenter-61826/billingInfo [none]
[debug] [2025-09-23T01:46:58.119Z] <<< [apiv2][status] GET https://cloudbilling.googleapis.com/v1/projects/healthcenter-61826/billingInfo 200
[debug] [2025-09-23T01:46:58.119Z] <<< [apiv2][body] GET https://cloudbilling.googleapis.com/v1/projects/healthcenter-61826/billingInfo {"name":"projects/healthcenter-61826/billingInfo","projectId":"healthcenter-61826","billingAccountName":"billingAccounts/01685B-BF24E7-2B414B","billingEnabled":true}
[debug] [2025-09-23T01:46:58.121Z] Checked if tokens are valid: true, expires at: 1758595593688
[debug] [2025-09-23T01:46:58.121Z] Checked if tokens are valid: true, expires at: 1758595593688
[debug] [2025-09-23T01:46:58.122Z] >>> [apiv2][query] POST https://cloudfunctions.googleapis.com/v2/projects/healthcenter-61826/locations/us-central1/functions:generateUploadUrl [none]
[debug] [2025-09-23T01:47:00.436Z] <<< [apiv2][status] POST https://cloudfunctions.googleapis.com/v2/projects/healthcenter-61826/locations/us-central1/functions:generateUploadUrl 200
[debug] [2025-09-23T01:47:00.436Z] <<< [apiv2][body] POST https://cloudfunctions.googleapis.com/v2/projects/healthcenter-61826/locations/us-central1/functions:generateUploadUrl {"uploadUrl":"https://storage.googleapis.com/gcf-v2-uploads-469079304917.us-central1.cloudfunctions.appspot.com/2e3368f9-0110-4950-ae9a-3aa7b6498482.zip?GoogleAccessId=service-469079304917@gcf-admin-robot.iam.gserviceaccount.com&Expires=1758593820&Signature=j2NoE8aTyim3Zt50hFy%2FM0862hSrT%2FHyfIIrnYqEQMMu7Z8ENkn0LwQoyFTtxmJovZaVO18ZMrVfyURWiDhlMaup59K8%2FUjnUxFZWwj7zgnta8ed10SfZT%2Fp%2BX5qvn8N131%2FTWxkYwz3%2Bt6b3Lw%2BFOrMN4X%2BM%2F%2BhWC6wH7cmMTzgwtzWwFFKraxOp7SPmP22aP11tYdbU2EyMjMeMOAFndTZe7s4WX5m7WbEaYIlJ3F0a8b6c6rkOHO7et159yGJr2A4tf1Fz3vpQq4G7WFwbweYU6t5wLNGGiaI%2FfGMBKh0nfN8HikGPWIDxmhbyhggoIAOHOdgOVndLH%2FScc7mhA%3D%3D","storageSource":{"bucket":"gcf-v2-uploads-469079304917.us-central1.cloudfunctions.appspot.com","object":"2e3368f9-0110-4950-ae9a-3aa7b6498482.zip"}}
[debug] [2025-09-23T01:47:00.438Z] >>> [apiv2][query] PUT https://storage.googleapis.com/gcf-v2-uploads-469079304917.us-central1.cloudfunctions.appspot.com/2e3368f9-0110-4950-ae9a-3aa7b6498482.zip GoogleAccessId=service-469079304917%40gcf-admin-robot.iam.gserviceaccount.com&Expires=1758593820&Signature=j2NoE8aTyim3Zt50hFy%2FM0862hSrT%2FHyfIIrnYqEQMMu7Z8ENkn0LwQoyFTtxmJovZaVO18ZMrVfyURWiDhlMaup59K8%2FUjnUxFZWwj7zgnta8ed10SfZT%2Fp%2BX5qvn8N131%2FTWxkYwz3%2Bt6b3Lw%2BFOrMN4X%2BM%2F%2BhWC6wH7cmMTzgwtzWwFFKraxOp7SPmP22aP11tYdbU2EyMjMeMOAFndTZe7s4WX5m7WbEaYIlJ3F0a8b6c6rkOHO7et159yGJr2A4tf1Fz3vpQq4G7WFwbweYU6t5wLNGGiaI%2FfGMBKh0nfN8HikGPWIDxmhbyhggoIAOHOdgOVndLH%2FScc7mhA%3D%3D
[debug] [2025-09-23T01:47:00.438Z] >>> [apiv2][body] PUT https://storage.googleapis.com/gcf-v2-uploads-469079304917.us-central1.cloudfunctions.appspot.com/2e3368f9-0110-4950-ae9a-3aa7b6498482.zip [stream]
[debug] [2025-09-23T01:47:02.540Z] <<< [apiv2][status] PUT https://storage.googleapis.com/gcf-v2-uploads-469079304917.us-central1.cloudfunctions.appspot.com/2e3368f9-0110-4950-ae9a-3aa7b6498482.zip 200
[debug] [2025-09-23T01:47:02.540Z] <<< [apiv2][body] PUT https://storage.googleapis.com/gcf-v2-uploads-469079304917.us-central1.cloudfunctions.appspot.com/2e3368f9-0110-4950-ae9a-3aa7b6498482.zip [omitted]
[info] +  functions: functions folder uploaded successfully 
[info] i  functions: updating Node.js 22 (2nd Gen) function helloWorld(us-central1)... 
[debug] [2025-09-23T01:47:02.547Z] Checked if tokens are valid: true, expires at: 1758595593688
[debug] [2025-09-23T01:47:02.547Z] Checked if tokens are valid: true, expires at: 1758595593688
[debug] [2025-09-23T01:47:02.547Z] >>> [apiv2][query] PATCH https://cloudfunctions.googleapis.com/v2/projects/healthcenter-61826/locations/us-central1/functions/helloWorld updateMask=name%2CbuildConfig.runtime%2CbuildConfig.entryPoint%2CbuildConfig.source.storageSource.bucket%2CbuildConfig.source.storageSource.object%2CbuildConfig.environmentVariables%2CbuildConfig.sourceToken%2CserviceConfig.environmentVariables%2CserviceConfig.ingressSettings%2CserviceConfig.timeoutSeconds%2CserviceConfig.serviceAccountEmail%2CserviceConfig.availableMemory%2CserviceConfig.minInstanceCount%2CserviceConfig.maxInstanceCount%2CserviceConfig.maxInstanceRequestConcurrency%2CserviceConfig.availableCpu%2CserviceConfig.vpcConnector%2CserviceConfig.vpcConnectorEgressSettings%2Clabels
[debug] [2025-09-23T01:47:02.547Z] >>> [apiv2][body] PATCH https://cloudfunctions.googleapis.com/v2/projects/healthcenter-61826/locations/us-central1/functions/helloWorld {"name":"projects/healthcenter-61826/locations/us-central1/functions/helloWorld","buildConfig":{"runtime":"nodejs22","entryPoint":"helloWorld","source":{"storageSource":{"bucket":"gcf-v2-uploads-469079304917.us-central1.cloudfunctions.appspot.com","object":"2e3368f9-0110-4950-ae9a-3aa7b6498482.zip"}},"environmentVariables":{"GOOGLE_NODE_RUN_SCRIPTS":""}},"serviceConfig":{"environmentVariables":{"FIREBASE_CONFIG":"{\"projectId\":\"healthcenter-61826\",\"storageBucket\":\"healthcenter-61826.firebasestorage.app\"}","GCLOUD_PROJECT":"healthcenter-61826","EVENTARC_CLOUD_EVENT_SOURCE":"projects/healthcenter-61826/locations/us-central1/services/helloWorld","FUNCTION_TARGET":"helloWorld","LOG_EXECUTION_ID":"true"},"ingressSettings":null,"timeoutSeconds":null,"serviceAccountEmail":null,"availableMemory":"256Mi","minInstanceCount":null,"maxInstanceCount":null,"maxInstanceRequestConcurrency":80,"availableCpu":"1","vpcConnector":null,"vpcConnectorEgressSettings":null},"labels":{"deployment-tool":"cli-firebase","firebase-functions-hash":"b40e1e4c07ab4233b311535a840660f6110e2b6c"}}
[debug] [2025-09-23T01:47:04.593Z] <<< [apiv2][status] PATCH https://cloudfunctions.googleapis.com/v2/projects/healthcenter-61826/locations/us-central1/functions/helloWorld 200
[debug] [2025-09-23T01:47:04.593Z] <<< [apiv2][body] PATCH https://cloudfunctions.googleapis.com/v2/projects/healthcenter-61826/locations/us-central1/functions/helloWorld {"name":"projects/healthcenter-61826/locations/us-central1/operations/operation-1758592023730-63f6e1ce11941-322c6896-6c72cac0","metadata":{"@type":"type.googleapis.com/google.cloud.functions.v2.OperationMetadata","createTime":"2025-09-23T01:47:04.674079833Z","target":"projects/healthcenter-61826/locations/us-central1/functions/helloWorld","verb":"update","cancelRequested":false,"apiVersion":"v2"},"done":false}
[debug] [2025-09-23T01:47:04.594Z] Checked if tokens are valid: true, expires at: 1758595593688
[debug] [2025-09-23T01:47:04.594Z] Checked if tokens are valid: true, expires at: 1758595593688
[debug] [2025-09-23T01:47:04.594Z] >>> [apiv2][query] GET https://cloudfunctions.googleapis.com/v2/projects/healthcenter-61826/locations/us-central1/operations/operation-1758592023730-63f6e1ce11941-322c6896-6c72cac0 [none]
[debug] [2025-09-23T01:47:05.852Z] <<< [apiv2][status] GET https://cloudfunctions.googleapis.com/v2/projects/healthcenter-61826/locations/us-central1/operations/operation-1758592023730-63f6e1ce11941-322c6896-6c72cac0 200
[debug] [2025-09-23T01:47:05.853Z] <<< [apiv2][body] GET https://cloudfunctions.googleapis.com/v2/projects/healthcenter-61826/locations/us-central1/operations/operation-1758592023730-63f6e1ce11941-322c6896-6c72cac0 {"name":"projects/healthcenter-61826/locations/us-central1/operations/operation-1758592023730-63f6e1ce11941-322c6896-6c72cac0","metadata":{"@type":"type.googleapis.com/google.cloud.functions.v2.OperationMetadata","createTime":"2025-09-23T01:47:04.674079833Z","target":"projects/healthcenter-61826/locations/us-central1/functions/helloWorld","verb":"update","cancelRequested":false,"apiVersion":"v2","requestResource":{"@type":"type.googleapis.com/google.cloud.functions.v2.Function","name":"projects/healthcenter-61826/locations/us-central1/functions/helloWorld","buildConfig":{"runtime":"nodejs22","entryPoint":"helloWorld","source":{"storageSource":{"bucket":"gcf-v2-sources-469079304917-us-central1","object":"helloWorld/function-source.zip","generation":"1758592024569986"}},"environmentVariables":{"GOOGLE_NODE_RUN_SCRIPTS":""},"dockerRepository":"projects/healthcenter-61826/locations/us-central1/repositories/gcf-artifacts","sourceProvenance":{"resolvedStorageSource":{"bucket":"gcf-v2-sources-469079304917-us-central1","object":"helloWorld/function-source.zip","generation":"1758579679551992"}},"dockerRegistry":"ARTIFACT_REGISTRY","serviceAccount":"projects/healthcenter-61826/serviceAccounts/469079304917-compute@developer.gserviceaccount.com","automaticUpdatePolicy":{}},"serviceConfig":{"service":"projects/healthcenter-61826/locations/us-central1/services/helloworld","timeoutSeconds":60,"environmentVariables":{"FIREBASE_CONFIG":"{\"projectId\":\"healthcenter-61826\",\"storageBucket\":\"healthcenter-61826.firebasestorage.app\"}","GCLOUD_PROJECT":"healthcenter-61826","EVENTARC_CLOUD_EVENT_SOURCE":"projects/healthcenter-61826/locations/us-central1/services/helloWorld","FUNCTION_TARGET":"helloWorld","LOG_EXECUTION_ID":"true"},"ingressSettings":"ALLOW_ALL","serviceAccountEmail":"469079304917-compute@developer.gserviceaccount.com","availableMemory":"256Mi","maxInstanceRequestConcurrency":80,"availableCpu":"1"},"state":"FAILED","labels":{"firebase-functions-hash":"b40e1e4c07ab4233b311535a840660f6110e2b6c"},"stateMessages":[{"severity":"ERROR","type":"CloudRunServiceNotFound","message":"Cloud Run service projects/healthcenter-61826/locations/us-central1/services/helloworld for the function was not found. The function will not work correctly. Please redeploy."}],"environment":"GEN_2","url":"https://us-central1-healthcenter-61826.cloudfunctions.net/helloWorld","satisfiesPzi":true},"stages":[{"name":"BUILD","message":"Creating build","state":"IN_PROGRESS","resource":"projects/469079304917/locations/us-central1/builds/f73ff6c7-0545-4241-9e09-62b3741abfc0","resourceUri":"https://console.cloud.google.com/cloud-build/builds;region=us-central1/f73ff6c7-0545-4241-9e09-62b3741abfc0?project=469079304917"},{"name":"SERVICE","state":"NOT_STARTED"}],"operationType":"UPDATE_FUNCTION","buildName":"projects/469079304917/locations/us-central1/builds/f73ff6c7-0545-4241-9e09-62b3741abfc0"},"done":false}
[debug] [2025-09-23T01:47:06.364Z] [update-default-us-central1-helloWorld] Retrying task index 0
[debug] [2025-09-23T01:47:06.365Z] Checked if tokens are valid: true, expires at: 1758595593688
[debug] [2025-09-23T01:47:06.365Z] Checked if tokens are valid: true, expires at: 1758595593688
[debug] [2025-09-23T01:47:06.365Z] >>> [apiv2][query] GET https://cloudfunctions.googleapis.com/v2/projects/healthcenter-61826/locations/us-central1/operations/operation-1758592023730-63f6e1ce11941-322c6896-6c72cac0 [none]
[debug] [2025-09-23T01:47:07.510Z] <<< [apiv2][status] GET https://cloudfunctions.googleapis.com/v2/projects/healthcenter-61826/locations/us-central1/operations/operation-1758592023730-63f6e1ce11941-322c6896-6c72cac0 200
[debug] [2025-09-23T01:47:07.510Z] <<< [apiv2][body] GET https://cloudfunctions.googleapis.com/v2/projects/healthcenter-61826/locations/us-central1/operations/operation-1758592023730-63f6e1ce11941-322c6896-6c72cac0 {"name":"projects/healthcenter-61826/locations/us-central1/operations/operation-1758592023730-63f6e1ce11941-322c6896-6c72cac0","metadata":{"@type":"type.googleapis.com/google.cloud.functions.v2.OperationMetadata","createTime":"2025-09-23T01:47:04.674079833Z","target":"projects/healthcenter-61826/locations/us-central1/functions/helloWorld","verb":"update","cancelRequested":false,"apiVersion":"v2","requestResource":{"@type":"type.googleapis.com/google.cloud.functions.v2.Function","name":"projects/healthcenter-61826/locations/us-central1/functions/helloWorld","buildConfig":{"runtime":"nodejs22","entryPoint":"helloWorld","source":{"storageSource":{"bucket":"gcf-v2-sources-469079304917-us-central1","object":"helloWorld/function-source.zip","generation":"1758592024569986"}},"environmentVariables":{"GOOGLE_NODE_RUN_SCRIPTS":""},"dockerRepository":"projects/healthcenter-61826/locations/us-central1/repositories/gcf-artifacts","sourceProvenance":{"resolvedStorageSource":{"bucket":"gcf-v2-sources-469079304917-us-central1","object":"helloWorld/function-source.zip","generation":"1758579679551992"}},"dockerRegistry":"ARTIFACT_REGISTRY","serviceAccount":"projects/healthcenter-61826/serviceAccounts/469079304917-compute@developer.gserviceaccount.com","automaticUpdatePolicy":{}},"serviceConfig":{"service":"projects/healthcenter-61826/locations/us-central1/services/helloworld","timeoutSeconds":60,"environmentVariables":{"FIREBASE_CONFIG":"{\"projectId\":\"healthcenter-61826\",\"storageBucket\":\"healthcenter-61826.firebasestorage.app\"}","GCLOUD_PROJECT":"healthcenter-61826","EVENTARC_CLOUD_EVENT_SOURCE":"projects/healthcenter-61826/locations/us-central1/services/helloWorld","FUNCTION_TARGET":"helloWorld","LOG_EXECUTION_ID":"true"},"ingressSettings":"ALLOW_ALL","serviceAccountEmail":"469079304917-compute@developer.gserviceaccount.com","availableMemory":"256Mi","maxInstanceRequestConcurrency":80,"availableCpu":"1"},"state":"FAILED","labels":{"firebase-functions-hash":"b40e1e4c07ab4233b311535a840660f6110e2b6c"},"stateMessages":[{"severity":"ERROR","type":"CloudRunServiceNotFound","message":"Cloud Run service projects/healthcenter-61826/locations/us-central1/services/helloworld for the function was not found. The function will not work correctly. Please redeploy."}],"environment":"GEN_2","url":"https://us-central1-healthcenter-61826.cloudfunctions.net/helloWorld","satisfiesPzi":true},"stages":[{"name":"BUILD","message":"Build in progress","state":"IN_PROGRESS","resource":"projects/469079304917/locations/us-central1/builds/f73ff6c7-0545-4241-9e09-62b3741abfc0","resourceUri":"https://console.cloud.google.com/cloud-build/builds;region=us-central1/f73ff6c7-0545-4241-9e09-62b3741abfc0?project=469079304917"},{"name":"SERVICE","state":"NOT_STARTED"}],"operationType":"UPDATE_FUNCTION","buildName":"projects/469079304917/locations/us-central1/builds/f73ff6c7-0545-4241-9e09-62b3741abfc0"},"done":false}
[debug] [2025-09-23T01:47:08.513Z] [update-default-us-central1-helloWorld] Retrying task index 0
[debug] [2025-09-23T01:47:08.514Z] Checked if tokens are valid: true, expires at: 1758595593688
[debug] [2025-09-23T01:47:08.514Z] Checked if tokens are valid: true, expires at: 1758595593688
[debug] [2025-09-23T01:47:08.515Z] >>> [apiv2][query] GET https://cloudfunctions.googleapis.com/v2/projects/healthcenter-61826/locations/us-central1/operations/operation-1758592023730-63f6e1ce11941-322c6896-6c72cac0 [none]
[debug] [2025-09-23T01:47:10.338Z] <<< [apiv2][status] GET https://cloudfunctions.googleapis.com/v2/projects/healthcenter-61826/locations/us-central1/operations/operation-1758592023730-63f6e1ce11941-322c6896-6c72cac0 200
[debug] [2025-09-23T01:47:10.338Z] <<< [apiv2][body] GET https://cloudfunctions.googleapis.com/v2/projects/healthcenter-61826/locations/us-central1/operations/operation-1758592023730-63f6e1ce11941-322c6896-6c72cac0 {"name":"projects/healthcenter-61826/locations/us-central1/operations/operation-1758592023730-63f6e1ce11941-322c6896-6c72cac0","metadata":{"@type":"type.googleapis.com/google.cloud.functions.v2.OperationMetadata","createTime":"2025-09-23T01:47:04.674079833Z","target":"projects/healthcenter-61826/locations/us-central1/functions/helloWorld","verb":"update","cancelRequested":false,"apiVersion":"v2","requestResource":{"@type":"type.googleapis.com/google.cloud.functions.v2.Function","name":"projects/healthcenter-61826/locations/us-central1/functions/helloWorld","buildConfig":{"runtime":"nodejs22","entryPoint":"helloWorld","source":{"storageSource":{"bucket":"gcf-v2-sources-469079304917-us-central1","object":"helloWorld/function-source.zip","generation":"1758592024569986"}},"environmentVariables":{"GOOGLE_NODE_RUN_SCRIPTS":""},"dockerRepository":"projects/healthcenter-61826/locations/us-central1/repositories/gcf-artifacts","sourceProvenance":{"resolvedStorageSource":{"bucket":"gcf-v2-sources-469079304917-us-central1","object":"helloWorld/function-source.zip","generation":"1758579679551992"}},"dockerRegistry":"ARTIFACT_REGISTRY","serviceAccount":"projects/healthcenter-61826/serviceAccounts/469079304917-compute@developer.gserviceaccount.com","automaticUpdatePolicy":{}},"serviceConfig":{"service":"projects/healthcenter-61826/locations/us-central1/services/helloworld","timeoutSeconds":60,"environmentVariables":{"FIREBASE_CONFIG":"{\"projectId\":\"healthcenter-61826\",\"storageBucket\":\"healthcenter-61826.firebasestorage.app\"}","GCLOUD_PROJECT":"healthcenter-61826","EVENTARC_CLOUD_EVENT_SOURCE":"projects/healthcenter-61826/locations/us-central1/services/helloWorld","FUNCTION_TARGET":"helloWorld","LOG_EXECUTION_ID":"true"},"ingressSettings":"ALLOW_ALL","serviceAccountEmail":"469079304917-compute@developer.gserviceaccount.com","availableMemory":"256Mi","maxInstanceRequestConcurrency":80,"availableCpu":"1"},"state":"FAILED","labels":{"firebase-functions-hash":"b40e1e4c07ab4233b311535a840660f6110e2b6c"},"stateMessages":[{"severity":"ERROR","type":"CloudRunServiceNotFound","message":"Cloud Run service projects/healthcenter-61826/locations/us-central1/services/helloworld for the function was not found. The function will not work correctly. Please redeploy."}],"environment":"GEN_2","url":"https://us-central1-healthcenter-61826.cloudfunctions.net/helloWorld","satisfiesPzi":true},"stages":[{"name":"BUILD","message":"Build in progress","state":"IN_PROGRESS","resource":"projects/469079304917/locations/us-central1/builds/f73ff6c7-0545-4241-9e09-62b3741abfc0","resourceUri":"https://console.cloud.google.com/cloud-build/builds;region=us-central1/f73ff6c7-0545-4241-9e09-62b3741abfc0?project=469079304917"},{"name":"SERVICE","state":"NOT_STARTED"}],"operationType":"UPDATE_FUNCTION","buildName":"projects/469079304917/locations/us-central1/builds/f73ff6c7-0545-4241-9e09-62b3741abfc0"},"done":false}
[debug] [2025-09-23T01:47:12.347Z] [update-default-us-central1-helloWorld] Retrying task index 0
[debug] [2025-09-23T01:47:12.348Z] Checked if tokens are valid: true, expires at: 1758595593688
[debug] [2025-09-23T01:47:12.348Z] Checked if tokens are valid: true, expires at: 1758595593688
[debug] [2025-09-23T01:47:12.348Z] >>> [apiv2][query] GET https://cloudfunctions.googleapis.com/v2/projects/healthcenter-61826/locations/us-central1/operations/operation-1758592023730-63f6e1ce11941-322c6896-6c72cac0 [none]
[debug] [2025-09-23T01:47:13.433Z] <<< [apiv2][status] GET https://cloudfunctions.googleapis.com/v2/projects/healthcenter-61826/locations/us-central1/operations/operation-1758592023730-63f6e1ce11941-322c6896-6c72cac0 200
[debug] [2025-09-23T01:47:13.433Z] <<< [apiv2][body] GET https://cloudfunctions.googleapis.com/v2/projects/healthcenter-61826/locations/us-central1/operations/operation-1758592023730-63f6e1ce11941-322c6896-6c72cac0 {"name":"projects/healthcenter-61826/locations/us-central1/operations/operation-1758592023730-63f6e1ce11941-322c6896-6c72cac0","metadata":{"@type":"type.googleapis.com/google.cloud.functions.v2.OperationMetadata","createTime":"2025-09-23T01:47:04.674079833Z","target":"projects/healthcenter-61826/locations/us-central1/functions/helloWorld","verb":"update","cancelRequested":false,"apiVersion":"v2","requestResource":{"@type":"type.googleapis.com/google.cloud.functions.v2.Function","name":"projects/healthcenter-61826/locations/us-central1/functions/helloWorld","buildConfig":{"runtime":"nodejs22","entryPoint":"helloWorld","source":{"storageSource":{"bucket":"gcf-v2-sources-469079304917-us-central1","object":"helloWorld/function-source.zip","generation":"1758592024569986"}},"environmentVariables":{"GOOGLE_NODE_RUN_SCRIPTS":""},"dockerRepository":"projects/healthcenter-61826/locations/us-central1/repositories/gcf-artifacts","sourceProvenance":{"resolvedStorageSource":{"bucket":"gcf-v2-sources-469079304917-us-central1","object":"helloWorld/function-source.zip","generation":"1758579679551992"}},"dockerRegistry":"ARTIFACT_REGISTRY","serviceAccount":"projects/healthcenter-61826/serviceAccounts/469079304917-compute@developer.gserviceaccount.com","automaticUpdatePolicy":{}},"serviceConfig":{"service":"projects/healthcenter-61826/locations/us-central1/services/helloworld","timeoutSeconds":60,"environmentVariables":{"FIREBASE_CONFIG":"{\"projectId\":\"healthcenter-61826\",\"storageBucket\":\"healthcenter-61826.firebasestorage.app\"}","GCLOUD_PROJECT":"healthcenter-61826","EVENTARC_CLOUD_EVENT_SOURCE":"projects/healthcenter-61826/locations/us-central1/services/helloWorld","FUNCTION_TARGET":"helloWorld","LOG_EXECUTION_ID":"true"},"ingressSettings":"ALLOW_ALL","serviceAccountEmail":"469079304917-compute@developer.gserviceaccount.com","availableMemory":"256Mi","maxInstanceRequestConcurrency":80,"availableCpu":"1"},"state":"FAILED","labels":{"firebase-functions-hash":"b40e1e4c07ab4233b311535a840660f6110e2b6c"},"stateMessages":[{"severity":"ERROR","type":"CloudRunServiceNotFound","message":"Cloud Run service projects/healthcenter-61826/locations/us-central1/services/helloworld for the function was not found. The function will not work correctly. Please redeploy."}],"environment":"GEN_2","url":"https://us-central1-healthcenter-61826.cloudfunctions.net/helloWorld","satisfiesPzi":true},"stages":[{"name":"BUILD","message":"Build in progress","state":"IN_PROGRESS","resource":"projects/469079304917/locations/us-central1/builds/f73ff6c7-0545-4241-9e09-62b3741abfc0","resourceUri":"https://console.cloud.google.com/cloud-build/builds;region=us-central1/f73ff6c7-0545-4241-9e09-62b3741abfc0?project=469079304917"},{"name":"SERVICE","state":"NOT_STARTED"}],"operationType":"UPDATE_FUNCTION","buildName":"projects/469079304917/locations/us-central1/builds/f73ff6c7-0545-4241-9e09-62b3741abfc0"},"done":false}
[debug] [2025-09-23T01:47:17.435Z] [update-default-us-central1-helloWorld] Retrying task index 0
[debug] [2025-09-23T01:47:17.435Z] Checked if tokens are valid: true, expires at: 1758595593688
[debug] [2025-09-23T01:47:17.435Z] Checked if tokens are valid: true, expires at: 1758595593688
[debug] [2025-09-23T01:47:17.436Z] >>> [apiv2][query] GET https://cloudfunctions.googleapis.com/v2/projects/healthcenter-61826/locations/us-central1/operations/operation-1758592023730-63f6e1ce11941-322c6896-6c72cac0 [none]
[debug] [2025-09-23T01:47:18.489Z] <<< [apiv2][status] GET https://cloudfunctions.googleapis.com/v2/projects/healthcenter-61826/locations/us-central1/operations/operation-1758592023730-63f6e1ce11941-322c6896-6c72cac0 200
[debug] [2025-09-23T01:47:18.490Z] <<< [apiv2][body] GET https://cloudfunctions.googleapis.com/v2/projects/healthcenter-61826/locations/us-central1/operations/operation-1758592023730-63f6e1ce11941-322c6896-6c72cac0 {"name":"projects/healthcenter-61826/locations/us-central1/operations/operation-1758592023730-63f6e1ce11941-322c6896-6c72cac0","metadata":{"@type":"type.googleapis.com/google.cloud.functions.v2.OperationMetadata","createTime":"2025-09-23T01:47:04.674079833Z","target":"projects/healthcenter-61826/locations/us-central1/functions/helloWorld","verb":"update","cancelRequested":false,"apiVersion":"v2","requestResource":{"@type":"type.googleapis.com/google.cloud.functions.v2.Function","name":"projects/healthcenter-61826/locations/us-central1/functions/helloWorld","buildConfig":{"runtime":"nodejs22","entryPoint":"helloWorld","source":{"storageSource":{"bucket":"gcf-v2-sources-469079304917-us-central1","object":"helloWorld/function-source.zip","generation":"1758592024569986"}},"environmentVariables":{"GOOGLE_NODE_RUN_SCRIPTS":""},"dockerRepository":"projects/healthcenter-61826/locations/us-central1/repositories/gcf-artifacts","sourceProvenance":{"resolvedStorageSource":{"bucket":"gcf-v2-sources-469079304917-us-central1","object":"helloWorld/function-source.zip","generation":"1758579679551992"}},"dockerRegistry":"ARTIFACT_REGISTRY","serviceAccount":"projects/healthcenter-61826/serviceAccounts/469079304917-compute@developer.gserviceaccount.com","automaticUpdatePolicy":{}},"serviceConfig":{"service":"projects/healthcenter-61826/locations/us-central1/services/helloworld","timeoutSeconds":60,"environmentVariables":{"FIREBASE_CONFIG":"{\"projectId\":\"healthcenter-61826\",\"storageBucket\":\"healthcenter-61826.firebasestorage.app\"}","GCLOUD_PROJECT":"healthcenter-61826","EVENTARC_CLOUD_EVENT_SOURCE":"projects/healthcenter-61826/locations/us-central1/services/helloWorld","FUNCTION_TARGET":"helloWorld","LOG_EXECUTION_ID":"true"},"ingressSettings":"ALLOW_ALL","serviceAccountEmail":"469079304917-compute@developer.gserviceaccount.com","availableMemory":"256Mi","maxInstanceRequestConcurrency":80,"availableCpu":"1"},"state":"FAILED","labels":{"firebase-functions-hash":"b40e1e4c07ab4233b311535a840660f6110e2b6c"},"stateMessages":[{"severity":"ERROR","type":"CloudRunServiceNotFound","message":"Cloud Run service projects/healthcenter-61826/locations/us-central1/services/helloworld for the function was not found. The function will not work correctly. Please redeploy."}],"environment":"GEN_2","url":"https://us-central1-healthcenter-61826.cloudfunctions.net/helloWorld","satisfiesPzi":true},"stages":[{"name":"BUILD","message":"Build in progress","state":"IN_PROGRESS","resource":"projects/469079304917/locations/us-central1/builds/f73ff6c7-0545-4241-9e09-62b3741abfc0","resourceUri":"https://console.cloud.google.com/cloud-build/builds;region=us-central1/f73ff6c7-0545-4241-9e09-62b3741abfc0?project=469079304917"},{"name":"SERVICE","state":"NOT_STARTED"}],"operationType":"UPDATE_FUNCTION","buildName":"projects/469079304917/locations/us-central1/builds/f73ff6c7-0545-4241-9e09-62b3741abfc0"},"done":false}
[debug] [2025-09-23T01:47:26.500Z] [update-default-us-central1-helloWorld] Retrying task index 0
[debug] [2025-09-23T01:47:26.501Z] Checked if tokens are valid: true, expires at: 1758595593688
[debug] [2025-09-23T01:47:26.501Z] Checked if tokens are valid: true, expires at: 1758595593688
[debug] [2025-09-23T01:47:26.501Z] >>> [apiv2][query] GET https://cloudfunctions.googleapis.com/v2/projects/healthcenter-61826/locations/us-central1/operations/operation-1758592023730-63f6e1ce11941-322c6896-6c72cac0 [none]
[debug] [2025-09-23T01:47:30.245Z] <<< [apiv2][status] GET https://cloudfunctions.googleapis.com/v2/projects/healthcenter-61826/locations/us-central1/operations/operation-1758592023730-63f6e1ce11941-322c6896-6c72cac0 200
[debug] [2025-09-23T01:47:30.245Z] <<< [apiv2][body] GET https://cloudfunctions.googleapis.com/v2/projects/healthcenter-61826/locations/us-central1/operations/operation-1758592023730-63f6e1ce11941-322c6896-6c72cac0 {"name":"projects/healthcenter-61826/locations/us-central1/operations/operation-1758592023730-63f6e1ce11941-322c6896-6c72cac0","metadata":{"@type":"type.googleapis.com/google.cloud.functions.v2.OperationMetadata","createTime":"2025-09-23T01:47:04.674079833Z","target":"projects/healthcenter-61826/locations/us-central1/functions/helloWorld","verb":"update","cancelRequested":false,"apiVersion":"v2","requestResource":{"@type":"type.googleapis.com/google.cloud.functions.v2.Function","name":"projects/healthcenter-61826/locations/us-central1/functions/helloWorld","buildConfig":{"runtime":"nodejs22","entryPoint":"helloWorld","source":{"storageSource":{"bucket":"gcf-v2-sources-469079304917-us-central1","object":"helloWorld/function-source.zip","generation":"1758592024569986"}},"environmentVariables":{"GOOGLE_NODE_RUN_SCRIPTS":""},"dockerRepository":"projects/healthcenter-61826/locations/us-central1/repositories/gcf-artifacts","sourceProvenance":{"resolvedStorageSource":{"bucket":"gcf-v2-sources-469079304917-us-central1","object":"helloWorld/function-source.zip","generation":"1758579679551992"}},"dockerRegistry":"ARTIFACT_REGISTRY","serviceAccount":"projects/healthcenter-61826/serviceAccounts/469079304917-compute@developer.gserviceaccount.com","automaticUpdatePolicy":{}},"serviceConfig":{"service":"projects/healthcenter-61826/locations/us-central1/services/helloworld","timeoutSeconds":60,"environmentVariables":{"FIREBASE_CONFIG":"{\"projectId\":\"healthcenter-61826\",\"storageBucket\":\"healthcenter-61826.firebasestorage.app\"}","GCLOUD_PROJECT":"healthcenter-61826","EVENTARC_CLOUD_EVENT_SOURCE":"projects/healthcenter-61826/locations/us-central1/services/helloWorld","FUNCTION_TARGET":"helloWorld","LOG_EXECUTION_ID":"true"},"ingressSettings":"ALLOW_ALL","serviceAccountEmail":"469079304917-compute@developer.gserviceaccount.com","availableMemory":"256Mi","maxInstanceRequestConcurrency":80,"availableCpu":"1"},"state":"FAILED","labels":{"firebase-functions-hash":"b40e1e4c07ab4233b311535a840660f6110e2b6c"},"stateMessages":[{"severity":"ERROR","type":"CloudRunServiceNotFound","message":"Cloud Run service projects/healthcenter-61826/locations/us-central1/services/helloworld for the function was not found. The function will not work correctly. Please redeploy."}],"environment":"GEN_2","url":"https://us-central1-healthcenter-61826.cloudfunctions.net/helloWorld","satisfiesPzi":true},"stages":[{"name":"BUILD","message":"Build in progress","state":"IN_PROGRESS","resource":"projects/469079304917/locations/us-central1/builds/f73ff6c7-0545-4241-9e09-62b3741abfc0","resourceUri":"https://console.cloud.google.com/cloud-build/builds;region=us-central1/f73ff6c7-0545-4241-9e09-62b3741abfc0?project=469079304917"},{"name":"SERVICE","state":"NOT_STARTED"}],"operationType":"UPDATE_FUNCTION","buildName":"projects/469079304917/locations/us-central1/builds/f73ff6c7-0545-4241-9e09-62b3741abfc0"},"done":false}
[debug] [2025-09-23T01:47:40.259Z] [update-default-us-central1-helloWorld] Retrying task index 0
[debug] [2025-09-23T01:47:40.259Z] Checked if tokens are valid: true, expires at: 1758595593688
[debug] [2025-09-23T01:47:40.260Z] Checked if tokens are valid: true, expires at: 1758595593688
[debug] [2025-09-23T01:47:40.260Z] >>> [apiv2][query] GET https://cloudfunctions.googleapis.com/v2/projects/healthcenter-61826/locations/us-central1/operations/operation-1758592023730-63f6e1ce11941-322c6896-6c72cac0 [none]
[debug] [2025-09-23T01:47:41.558Z] <<< [apiv2][status] GET https://cloudfunctions.googleapis.com/v2/projects/healthcenter-61826/locations/us-central1/operations/operation-1758592023730-63f6e1ce11941-322c6896-6c72cac0 200
[debug] [2025-09-23T01:47:41.558Z] <<< [apiv2][body] GET https://cloudfunctions.googleapis.com/v2/projects/healthcenter-61826/locations/us-central1/operations/operation-1758592023730-63f6e1ce11941-322c6896-6c72cac0 {"name":"projects/healthcenter-61826/locations/us-central1/operations/operation-1758592023730-63f6e1ce11941-322c6896-6c72cac0","metadata":{"@type":"type.googleapis.com/google.cloud.functions.v2.OperationMetadata","createTime":"2025-09-23T01:47:04.674079833Z","target":"projects/healthcenter-61826/locations/us-central1/functions/helloWorld","verb":"update","cancelRequested":false,"apiVersion":"v2","requestResource":{"@type":"type.googleapis.com/google.cloud.functions.v2.Function","name":"projects/healthcenter-61826/locations/us-central1/functions/helloWorld","buildConfig":{"runtime":"nodejs22","entryPoint":"helloWorld","source":{"storageSource":{"bucket":"gcf-v2-sources-469079304917-us-central1","object":"helloWorld/function-source.zip","generation":"1758592024569986"}},"environmentVariables":{"GOOGLE_NODE_RUN_SCRIPTS":""},"dockerRepository":"projects/healthcenter-61826/locations/us-central1/repositories/gcf-artifacts","sourceProvenance":{"resolvedStorageSource":{"bucket":"gcf-v2-sources-469079304917-us-central1","object":"helloWorld/function-source.zip","generation":"1758579679551992"}},"dockerRegistry":"ARTIFACT_REGISTRY","serviceAccount":"projects/healthcenter-61826/serviceAccounts/469079304917-compute@developer.gserviceaccount.com","automaticUpdatePolicy":{}},"serviceConfig":{"service":"projects/healthcenter-61826/locations/us-central1/services/helloworld","timeoutSeconds":60,"environmentVariables":{"FIREBASE_CONFIG":"{\"projectId\":\"healthcenter-61826\",\"storageBucket\":\"healthcenter-61826.firebasestorage.app\"}","GCLOUD_PROJECT":"healthcenter-61826","EVENTARC_CLOUD_EVENT_SOURCE":"projects/healthcenter-61826/locations/us-central1/services/helloWorld","FUNCTION_TARGET":"helloWorld","LOG_EXECUTION_ID":"true"},"ingressSettings":"ALLOW_ALL","serviceAccountEmail":"469079304917-compute@developer.gserviceaccount.com","availableMemory":"256Mi","maxInstanceRequestConcurrency":80,"availableCpu":"1"},"state":"FAILED","labels":{"firebase-functions-hash":"b40e1e4c07ab4233b311535a840660f6110e2b6c"},"stateMessages":[{"severity":"ERROR","type":"CloudRunServiceNotFound","message":"Cloud Run service projects/healthcenter-61826/locations/us-central1/services/helloworld for the function was not found. The function will not work correctly. Please redeploy."}],"environment":"GEN_2","url":"https://us-central1-healthcenter-61826.cloudfunctions.net/helloWorld","satisfiesPzi":true},"stages":[{"name":"BUILD","message":"Build in progress","state":"IN_PROGRESS","resource":"projects/469079304917/locations/us-central1/builds/f73ff6c7-0545-4241-9e09-62b3741abfc0","resourceUri":"https://console.cloud.google.com/cloud-build/builds;region=us-central1/f73ff6c7-0545-4241-9e09-62b3741abfc0?project=469079304917"},{"name":"SERVICE","state":"NOT_STARTED"}],"operationType":"UPDATE_FUNCTION","buildName":"projects/469079304917/locations/us-central1/builds/f73ff6c7-0545-4241-9e09-62b3741abfc0"},"done":false}
[debug] [2025-09-23T01:47:51.565Z] [update-default-us-central1-helloWorld] Retrying task index 0
[debug] [2025-09-23T01:47:51.565Z] Checked if tokens are valid: true, expires at: 1758595593688
[debug] [2025-09-23T01:47:51.565Z] Checked if tokens are valid: true, expires at: 1758595593688
[debug] [2025-09-23T01:47:51.565Z] >>> [apiv2][query] GET https://cloudfunctions.googleapis.com/v2/projects/healthcenter-61826/locations/us-central1/operations/operation-1758592023730-63f6e1ce11941-322c6896-6c72cac0 [none]
[debug] [2025-09-23T01:47:54.582Z] <<< [apiv2][status] GET https://cloudfunctions.googleapis.com/v2/projects/healthcenter-61826/locations/us-central1/operations/operation-1758592023730-63f6e1ce11941-322c6896-6c72cac0 200
[debug] [2025-09-23T01:47:54.582Z] <<< [apiv2][body] GET https://cloudfunctions.googleapis.com/v2/projects/healthcenter-61826/locations/us-central1/operations/operation-1758592023730-63f6e1ce11941-322c6896-6c72cac0 {"name":"projects/healthcenter-61826/locations/us-central1/operations/operation-1758592023730-63f6e1ce11941-322c6896-6c72cac0","metadata":{"@type":"type.googleapis.com/google.cloud.functions.v2.OperationMetadata","createTime":"2025-09-23T01:47:04.674079833Z","target":"projects/healthcenter-61826/locations/us-central1/functions/helloWorld","verb":"update","cancelRequested":false,"apiVersion":"v2","requestResource":{"@type":"type.googleapis.com/google.cloud.functions.v2.Function","name":"projects/healthcenter-61826/locations/us-central1/functions/helloWorld","buildConfig":{"runtime":"nodejs22","entryPoint":"helloWorld","source":{"storageSource":{"bucket":"gcf-v2-sources-469079304917-us-central1","object":"helloWorld/function-source.zip","generation":"1758592024569986"}},"environmentVariables":{"GOOGLE_NODE_RUN_SCRIPTS":""},"dockerRepository":"projects/healthcenter-61826/locations/us-central1/repositories/gcf-artifacts","sourceProvenance":{"resolvedStorageSource":{"bucket":"gcf-v2-sources-469079304917-us-central1","object":"helloWorld/function-source.zip","generation":"1758579679551992"}},"dockerRegistry":"ARTIFACT_REGISTRY","serviceAccount":"projects/healthcenter-61826/serviceAccounts/469079304917-compute@developer.gserviceaccount.com","automaticUpdatePolicy":{}},"serviceConfig":{"service":"projects/healthcenter-61826/locations/us-central1/services/helloworld","timeoutSeconds":60,"environmentVariables":{"FIREBASE_CONFIG":"{\"projectId\":\"healthcenter-61826\",\"storageBucket\":\"healthcenter-61826.firebasestorage.app\"}","GCLOUD_PROJECT":"healthcenter-61826","EVENTARC_CLOUD_EVENT_SOURCE":"projects/healthcenter-61826/locations/us-central1/services/helloWorld","FUNCTION_TARGET":"helloWorld","LOG_EXECUTION_ID":"true"},"ingressSettings":"ALLOW_ALL","serviceAccountEmail":"469079304917-compute@developer.gserviceaccount.com","availableMemory":"256Mi","maxInstanceRequestConcurrency":80,"availableCpu":"1"},"state":"FAILED","labels":{"firebase-functions-hash":"b40e1e4c07ab4233b311535a840660f6110e2b6c"},"stateMessages":[{"severity":"ERROR","type":"CloudRunServiceNotFound","message":"Cloud Run service projects/healthcenter-61826/locations/us-central1/services/helloworld for the function was not found. The function will not work correctly. Please redeploy."}],"environment":"GEN_2","url":"https://us-central1-healthcenter-61826.cloudfunctions.net/helloWorld","satisfiesPzi":true},"stages":[{"name":"BUILD","message":"Build in progress","state":"IN_PROGRESS","resource":"projects/469079304917/locations/us-central1/builds/f73ff6c7-0545-4241-9e09-62b3741abfc0","resourceUri":"https://console.cloud.google.com/cloud-build/builds;region=us-central1/f73ff6c7-0545-4241-9e09-62b3741abfc0?project=469079304917"},{"name":"SERVICE","state":"NOT_STARTED"}],"operationType":"UPDATE_FUNCTION","buildName":"projects/469079304917/locations/us-central1/builds/f73ff6c7-0545-4241-9e09-62b3741abfc0"},"done":false}
[debug] [2025-09-23T01:48:04.595Z] [update-default-us-central1-helloWorld] Retrying task index 0
[debug] [2025-09-23T01:48:04.596Z] Checked if tokens are valid: true, expires at: 1758595593688
[debug] [2025-09-23T01:48:04.596Z] Checked if tokens are valid: true, expires at: 1758595593688
[debug] [2025-09-23T01:48:04.596Z] >>> [apiv2][query] GET https://cloudfunctions.googleapis.com/v2/projects/healthcenter-61826/locations/us-central1/operations/operation-1758592023730-63f6e1ce11941-322c6896-6c72cac0 [none]
[debug] [2025-09-23T01:48:05.913Z] <<< [apiv2][status] GET https://cloudfunctions.googleapis.com/v2/projects/healthcenter-61826/locations/us-central1/operations/operation-1758592023730-63f6e1ce11941-322c6896-6c72cac0 200
[debug] [2025-09-23T01:48:05.913Z] <<< [apiv2][body] GET https://cloudfunctions.googleapis.com/v2/projects/healthcenter-61826/locations/us-central1/operations/operation-1758592023730-63f6e1ce11941-322c6896-6c72cac0 {"name":"projects/healthcenter-61826/locations/us-central1/operations/operation-1758592023730-63f6e1ce11941-322c6896-6c72cac0","metadata":{"@type":"type.googleapis.com/google.cloud.functions.v2.OperationMetadata","createTime":"2025-09-23T01:47:04.674079833Z","endTime":"2025-09-23T01:48:04.936718864Z","target":"projects/healthcenter-61826/locations/us-central1/functions/helloWorld","verb":"update","cancelRequested":false,"apiVersion":"v2","requestResource":{"@type":"type.googleapis.com/google.cloud.functions.v2.Function","name":"projects/healthcenter-61826/locations/us-central1/functions/helloWorld","buildConfig":{"runtime":"nodejs22","entryPoint":"helloWorld","source":{"storageSource":{"bucket":"gcf-v2-sources-469079304917-us-central1","object":"helloWorld/function-source.zip","generation":"1758592024569986"}},"environmentVariables":{"GOOGLE_NODE_RUN_SCRIPTS":""},"dockerRepository":"projects/healthcenter-61826/locations/us-central1/repositories/gcf-artifacts","sourceProvenance":{"resolvedStorageSource":{"bucket":"gcf-v2-sources-469079304917-us-central1","object":"helloWorld/function-source.zip","generation":"1758579679551992"}},"dockerRegistry":"ARTIFACT_REGISTRY","serviceAccount":"projects/healthcenter-61826/serviceAccounts/469079304917-compute@developer.gserviceaccount.com","automaticUpdatePolicy":{}},"serviceConfig":{"service":"projects/healthcenter-61826/locations/us-central1/services/helloworld","timeoutSeconds":60,"environmentVariables":{"FIREBASE_CONFIG":"{\"projectId\":\"healthcenter-61826\",\"storageBucket\":\"healthcenter-61826.firebasestorage.app\"}","GCLOUD_PROJECT":"healthcenter-61826","EVENTARC_CLOUD_EVENT_SOURCE":"projects/healthcenter-61826/locations/us-central1/services/helloWorld","FUNCTION_TARGET":"helloWorld","LOG_EXECUTION_ID":"true"},"ingressSettings":"ALLOW_ALL","serviceAccountEmail":"469079304917-compute@developer.gserviceaccount.com","availableMemory":"256Mi","maxInstanceRequestConcurrency":80,"availableCpu":"1"},"state":"FAILED","labels":{"firebase-functions-hash":"b40e1e4c07ab4233b311535a840660f6110e2b6c"},"stateMessages":[{"severity":"ERROR","type":"CloudRunServiceNotFound","message":"Cloud Run service projects/healthcenter-61826/locations/us-central1/services/helloworld for the function was not found. The function will not work correctly. Please redeploy."}],"environment":"GEN_2","url":"https://us-central1-healthcenter-61826.cloudfunctions.net/helloWorld","satisfiesPzi":true},"stages":[{"name":"SERVICE","state":"NOT_STARTED"}],"operationType":"UPDATE_FUNCTION"},"done":true,"error":{"code":3,"message":"Build failed with status: FAILURE and message: npm error code EUSAGE\nnpm error\nnpm error `npm ci` can only install packages when your package.json and package-lock.json or npm-shrinkwrap.json are in sync. Please update your lock file with `npm install` before continuing.\nnpm error\nnpm error Missing: jest@30.1.3 from lock file\nnpm error Missing: @jest/core@30.1.3 from lock file\nnpm error Missing: @jest/types@30.0.5 from lock file\nnpm error Missing: import-local@3.2.0 from lock file\nnpm error Missing: jest-cli@30.1.3 from lock file\nnpm error Missing: @jest/console@30.1.2 from lock file\nnpm error Missing: @jest/pattern@30.0.1 from lock file\nnpm error Missing: @jest/reporters@30.1.3 from lock file\nnpm error Missing: @jest/test-result@30.1.3 from lock file\nnpm error Missing: @jest/transform@30.1.2 from lock file\nnpm error Missing: ansi-escapes@4.3.2 from lock file\nnpm error Missing: chalk@4.1.2 from lock file\nnpm error Missing: ci-info@4.3.0 from lock file\nnpm error Missing: exit-x@0.2.2 from lock file\nnpm error Missing: graceful-fs@4.2.11 from lock file\nnpm error Missing: jest-changed-files@30.0.5 from lock file\nnpm error Missing: jest-config@30.1.3 from lock file\nnpm error Missing: jest-haste-map@30.1.0 from lock file\nnpm error Missing: jest-message-util@30.1.0 from lock file\nnpm error Missing: jest-regex-util@30.0.1 from lock file\nnpm error Missing: jest-resolve@30.1.3 from lock file\nnpm error Missing: jest-resolve-dependencies@30.1.3 from lock file\nnpm error Missing: jest-runner@30.1.3 from lock file\nnpm error Missing: jest-runtime@30.1.3 from lock file\nnpm error Missing: jest-snapshot@30.1.2 from lock file\nnpm error Missing: jest-util@30.0.5 from lock file\nnpm error Missing: jest-validate@30.1.0 from lock file\nnpm error Missing: jest-watcher@30.1.3 from lock file\nnpm error Missing: micromatch@4.0.8 from lock file\nnpm error Missing: pretty-format@30.0.5 from lock file\nnpm error Missing: slash@3.0.0 from lock file\nnpm error Missing: @bcoe/v8-coverage@0.2.3 from lock file\nnpm error Missing: @jridgewell/trace-mapping@0.3.31 from lock file\nnpm error Missing: collect-v8-coverage@1.0.2 from lock file\nnpm error Missing: glob@10.4.5 from lock file\nnpm error Missing: istanbul-lib-coverage@3.2.2 from lock file\nnpm error Missing: istanbul-lib-instrument@6.0.3 from lock file\nnpm error Missing: istanbul-lib-report@3.0.1 from lock file\nnpm error Missing: istanbul-lib-source-maps@5.0.6 from lock file\nnpm error Missing: istanbul-reports@3.2.0 from lock file\nnpm error Missing: jest-worker@30.1.0 from lock file\nnpm error Missing: string-length@4.0.2 from lock file\nnpm error Missing: v8-to-istanbul@9.3.0 from lock file\nnpm error Missing: @types/istanbul-lib-coverage@2.0.6 from lock file\nnpm error Missing: @babel/core@7.28.4 from lock file\nnpm error Missing: babel-plugin-istanbul@7.0.1 from lock file\nnpm error Missing: convert-source-map@2.0.0 from lock file\nnpm error Missing: fast-json-stable-stringify@2.1.0 from lock file\nnpm error Missing: pirates@4.0.7 from lock file\nnpm error Missing: write-file-atomic@5.0.1 from lock file\nnpm error Missing: @babel/code-frame@7.27.1 from lock file\nnpm error Missing: @babel/generator@7.28.3 from lock file\nnpm error Missing: @babel/helper-compilation-targets@7.27.2 from lock file\nnpm error Missing: @babel/helper-module-transforms@7.28.3 from lock file\nnpm error Missing: @babel/helpers@7.28.4 from lock file\nnpm error Missing: @babel/parser@7.28.4 from lock file\nnpm error Missing: @babel/template@7.27.2 from lock file\nnpm error Missing: @babel/traverse@7.28.4 from lock file\nnpm error Missing: @babel/types@7.28.4 from lock file\nnpm error Missing: @jridgewell/remapping@2.3.5 from lock file\nnpm error Missing: debug@4.4.3 from lock file\nnpm error Missing: gensync@1.0.0-beta.2 from lock file\nnpm error Missing: json5@2.2.3 from lock file\nnpm error Missing: semver@6.3.1 from lock file\nnpm error Missing: @babel/helper-validator-identifier@7.27.1 from lock file\nnpm error Missing: js-tokens@4.0.0 from lock file\nnpm error Missing: picocolors@1.1.1 from lock file\nnpm error Missing: @jridgewell/gen-mapping@0.3.13 from lock file\nnpm error Missing: jsesc@3.1.0 from lock file\nnpm error Missing: @babel/compat-data@7.28.4 from lock file\nnpm error Missing: @babel/helper-validator-option@7.27.1 from lock file\nnpm error Missing: browserslist@4.26.2 from lock file\nnpm error Missing: lru-cache@5.1.1 from lock file\nnpm error Missing: semver@6.3.1 from lock file\nnpm error Missing: @babel/helper-module-imports@7.27.1 from lock file\nnpm error Missing: @babel/helper-globals@7.28.0 from lock file\nnpm error Missing: debug@4.4.3 from lock file\nnpm error Missing: @babel/helper-string-parser@7.27.1 from lock file\nnpm error Missing: @jest/schemas@30.0.5 from lock file\nnpm error Missing: @types/istanbul-reports@3.0.4 from lock file\nnpm error Missing: @types/yargs@17.0.33 from lock file\nnpm error Missing: @sinclair/typebox@0.34.41 from lock file\nnpm error Missing: @jridgewell/sourcemap-codec@1.5.5 from lock file\nnpm error Missing: @jridgewell/resolve-uri@3.1.2 from lock file\nnpm error Missing: @types/istanbul-lib-report@3.0.3 from lock file\nnpm error Missing: @types/yargs-parser@21.0.3 from lock file\nnpm error Missing: type-fest@0.21.3 from lock file\nnpm error Missing: @babel/helper-plugin-utils@7.27.1 from lock file\nnpm error Missing: @istanbuljs/load-nyc-config@1.1.0 from lock file\nnpm error Missing: @istanbuljs/schema@0.1.3 from lock file\nnpm error Missing: test-exclude@6.0.0 from lock file\nnpm error Missing: camelcase@5.3.1 from lock file\nnpm error Missing: find-up@4.1.0 from lock file\nnpm error Missing: get-package-type@0.1.0 from lock file\nnpm error Missing: js-yaml@3.14.1 from lock file\nnpm error Missing: resolve-from@5.0.0 from lock file\nnpm error Missing: baseline-browser-mapping@2.8.6 from lock file\nnpm error Missing: caniuse-lite@1.0.30001743 from lock file\nnpm error Missing: electron-to-chromium@1.5.222 from lock file\nnpm error Missing: node-releases@2.0.21 from lock file\nnpm error Missing: update-browserslist-db@1.1.3 from lock file\nnpm error Missing: supports-color@7.2.0 from lock file\nnpm error Missing: locate-path@5.0.0 from lock file\nnpm error Missing: path-exists@4.0.0 from lock file\nnpm error Missing: foreground-child@3.3.1 from lock file\nnpm error Missing: jackspeak@3.4.3 from lock file\nnpm error Missing: minimatch@9.0.5 from lock file\nnpm error Missing: minipass@7.1.2 from lock file\nnpm error Missing: package-json-from-dist@1.0.1 from lock file\nnpm error Missing: path-scurry@1.11.1 from lock file\nnpm error Missing: cross-spawn@7.0.6 from lock file\nnpm error Missing: signal-exit@4.1.0 from lock file\nnpm error Missing: path-key@3.1.1 from lock file\nnpm error Missing: shebang-command@2.0.0 from lock file\nnpm error Missing: which@2.0.2 from lock file\nnpm error Missing: pkg-dir@4.2.0 from lock file\nnpm error Missing: resolve-cwd@3.0.0 from lock file\nnpm error Missing: make-dir@4.0.0 from lock file\nnpm error Missing: debug@4.4.3 from lock file\nnpm error Missing: html-escaper@2.0.2 from lock file\nnpm error Missing: @isaacs/cliui@8.0.2 from lock file\nnpm error Missing: @pkgjs/parseargs@0.11.0 from lock file\nnpm error Missing: string-width@5.1.2 from lock file\nnpm error Missing: string-width-cjs@4.2.3 from lock file\nnpm error Missing: strip-ansi@7.1.2 from lock file\nnpm error Missing: strip-ansi-cjs@6.0.1 from lock file\nnpm error Missing: wrap-ansi@8.1.0 from lock file\nnpm error Missing: wrap-ansi-cjs@7.0.0 from lock file\nnpm error Missing: execa@5.1.1 from lock file\nnpm error Missing: get-stream@6.0.1 from lock file\nnpm error Missing: human-signals@2.1.0 from lock file\nnpm error Missing: merge-stream@2.0.0 from lock file\nnpm error Missing: npm-run-path@4.0.1 from lock file\nnpm error Missing: onetime@5.1.2 from lock file\nnpm error Missing: signal-exit@3.0.7 from lock file\nnpm error Missing: strip-final-newline@2.0.0 from lock file\nnpm error Missing: @jest/get-type@30.1.0 from lock file\nnpm error Missing: @jest/test-sequencer@30.1.3 from lock file\nnpm error Missing: babel-jest@30.1.2 from lock file\nnpm error Missing: deepmerge@4.3.1 from lock file\nnpm error Missing: jest-circus@30.1.3 from lock file\nnpm error Missing: jest-docblock@30.0.1 from lock file\nnpm error Missing: jest-environment-node@30.1.2 from lock file\nnpm error Missing: parse-json@5.2.0 from lock file\nnpm error Missing: strip-json-comments@3.1.1 from lock file\nnpm error Missing: @types/babel__core@7.20.5 from lock file\nnpm error Missing: babel-preset-jest@30.0.1 from lock file\nnpm error Missing: @types/babel__generator@7.27.0 from lock file\nnpm error Missing: @types/babel__template@7.4.4 from lock file\nnpm error Missing: @types/babel__traverse@7.28.0 from lock file\nnpm error Missing: babel-plugin-jest-hoist@30.0.1 from lock file\nnpm error Missing: babel-preset-current-node-syntax@1.2.0 from lock file\nnpm error Missing: @babel/plugin-syntax-async-generators@7.8.4 from lock file\nnpm error Missing: @babel/plugin-syntax-bigint@7.8.3 from lock file\nnpm error Missing: @babel/plugin-syntax-class-properties@7.12.13 from lock file\nnpm error Missing: @babel/plugin-syntax-class-static-block@7.14.5 from lock file\nnpm error Missing: @babel/plugin-syntax-import-attributes@7.27.1 from lock file\nnpm error Missing: @babel/plugin-syntax-import-meta@7.10.4 from lock file\nnpm error Missing: @babel/plugin-syntax-json-strings@7.8.3 from lock file\nnpm error Missing: @babel/plugin-syntax-logical-assignment-operators@7.10.4 from lock file\nnpm error Missing: @babel/plugin-syntax-nullish-coalescing-operator@7.8.3 from lock file\nnpm error Missing: @babel/plugin-syntax-numeric-separator@7.10.4 from lock file\nnpm error Missing: @babel/plugin-syntax-object-rest-spread@7.8.3 from lock file\nnpm error Missing: @babel/plugin-syntax-optional-catch-binding@7.8.3 from lock file\nnpm error Missing: @babel/plugin-syntax-optional-chaining@7.8.3 from lock file\nnpm error Missing: @babel/plugin-syntax-private-property-in-object@7.14.5 from lock file\nnpm error Missing: @babel/plugin-syntax-top-level-await@7.14.5 from lock file\nnpm error Missing: @jest/environment@30.1.2 from lock file\nnpm error Missing: @jest/expect@30.1.2 from lock file\nnpm error Missing: co@4.6.0 from lock file\nnpm error Missing: dedent@1.7.0 from lock file\nnpm error Missing: is-generator-fn@2.1.0 from lock file\nnpm error Missing: jest-each@30.1.0 from lock file\nnpm error Missing: jest-matcher-utils@30.1.2 from lock file\nnpm error Missing: pure-rand@7.0.1 from lock file\nnpm error Missing: stack-utils@2.0.6 from lock file\nnpm error Missing: @jest/fake-timers@30.1.2 from lock file\nnpm error Missing: jest-mock@30.0.5 from lock file\nnpm error Missing: expect@30.1.2 from lock file\nnpm error Missing: @sinonjs/fake-timers@13.0.5 from lock file\nnpm error Missing: @sinonjs/commons@3.0.1 from lock file\nnpm error Missing: type-detect@4.0.8 from lock file\nnpm error Missing: @jest/expect-utils@30.1.2 from lock file\nnpm error Missing: detect-newline@3.1.0 from lock file\nnpm error Missing: anymatch@3.1.3 from lock file\nnpm error Missing: fb-watchman@2.0.2 from lock file\nnpm error Missing: fsevents@2.3.3 from lock file\nnpm error Missing: walker@1.0.8 from lock file\nnpm error Missing: normalize-path@3.0.0 from lock file\nnpm error Missing: picomatch@2.3.1 from lock file\nnpm error Missing: bser@2.1.1 from lock file\nnpm error Missing: node-int64@0.4.0 from lock file\nnpm error Missing: jest-diff@30.1.2 from lock file\nnpm error Missing: @jest/diff-sequences@30.0.1 from lock file\nnpm error Missing: @types/stack-utils@2.0.3 from lock file\nnpm error Missing: jest-pnp-resolver@1.2.3 from lock file\nnpm error Missing: unrs-resolver@1.11.1 from lock file\nnpm error Missing: emittery@0.13.1 from lock file\nnpm error Missing: jest-leak-detector@30.1.0 from lock file\nnpm error Missing: source-map-support@0.5.13 from lock file\nnpm error Missing: @jest/globals@30.1.2 from lock file\nnpm error Missing: @jest/source-map@30.0.1 from lock file\nnpm error Missing: cjs-module-lexer@2.1.0 from lock file\nnpm error Missing: strip-bom@4.0.0 from lock file\nnpm error Missing: callsites@3.1.0 from lock file\nnpm error Missing: @babel/plugin-syntax-jsx@7.27.1 from lock file\nnpm error Missing: @babel/plugin-syntax-typescript@7.27.1 from lock file\nnpm error Missing: @jest/snapshot-utils@30.1.2 from lock file\nnpm error Missing: synckit@0.11.11 from lock file\nnpm error Missing: natural-compare@1.4.0 from lock file\nnpm error Missing: picomatch@4.0.3 from lock file\nnpm error Missing: camelcase@6.3.0 from lock file\nnpm error Missing: leven@3.1.0 from lock file\nnpm error Missing: @ungap/structured-clone@1.3.0 from lock file\nnpm error Missing: supports-color@8.1.1 from lock file\nnpm error Missing: argparse@1.0.10 from lock file\nnpm error Missing: esprima@4.0.1 from lock file\nnpm error Missing: sprintf-js@1.0.3 from lock file\nnpm error Missing: p-locate@4.1.0 from lock file\nnpm error Missing: braces@3.0.3 from lock file\nnpm error Missing: fill-range@7.1.1 from lock file\nnpm error Missing: to-regex-range@5.0.1 from lock file\nnpm error Missing: brace-expansion@2.0.2 from lock file\nnpm error Missing: balanced-match@1.0.2 from lock file\nnpm error Missing: mimic-fn@2.1.0 from lock file\nnpm error Missing: p-limit@2.3.0 from lock file\nnpm error Missing: error-ex@1.3.4 from lock file\nnpm error Missing: json-parse-even-better-errors@2.3.1 from lock file\nnpm error Missing: lines-and-columns@1.2.4 from lock file\nnpm error Missing: is-arrayish@0.2.1 from lock file\nnpm error Missing: lru-cache@10.4.3 from lock file\nnpm error Missing: ansi-styles@5.2.0 from lock file\nnpm error Missing: react-is@18.3.1 from lock file\nnpm error Missing: shebang-regex@3.0.0 from lock file\nnpm error Missing: buffer-from@1.1.2 from lock file\nnpm error Missing: source-map@0.6.1 from lock file\nnpm error Missing: escape-string-regexp@2.0.0 from lock file\nnpm error Missing: char-regex@1.0.2 from lock file\nnpm error Missing: has-flag@4.0.0 from lock file\nnpm error Missing: @pkgr/core@0.2.9 from lock file\nnpm error Missing: glob@7.2.3 from lock file\nnpm error Missing: minimatch@3.1.2 from lock file\nnpm error Missing: is-number@7.0.0 from lock file\nnpm error Missing: @unrs/resolver-binding-android-arm-eabi@1.11.1 from lock file\nnpm error Missing: @unrs/resolver-binding-android-arm64@1.11.1 from lock file\nnpm error Missing: @unrs/resolver-binding-darwin-arm64@1.11.1 from lock file\nnpm error Missing: @unrs/resolver-binding-darwin-x64@1.11.1 from lock file\nnpm error Missing: @unrs/resolver-binding-freebsd-x64@1.11.1 from lock file\nnpm error Missing: @unrs/resolver-binding-linux-arm-gnueabihf@1.11.1 from lock file\nnpm error Missing: @unrs/resolver-binding-linux-arm-musleabihf@1.11.1 from lock file\nnpm error Missing: @unrs/resolver-binding-linux-arm64-gnu@1.11.1 from lock file\nnpm error Missing: @unrs/resolver-binding-linux-arm64-musl@1.11.1 from lock file\nnpm error Missing: @unrs/resolver-binding-linux-ppc64-gnu@1.11.1 from lock file\nnpm error Missing: @unrs/resolver-binding-linux-riscv64-gnu@1.11.1 from lock file\nnpm error Missing: @unrs/resolver-binding-linux-riscv64-musl@1.11.1 from lock file\nnpm error Missing: @unrs/resolver-binding-linux-s390x-gnu@1.11.1 from lock file\nnpm error Missing: @unrs/resolver-binding-linux-x64-gnu@1.11.1 from lock file\nnpm error Missing: @unrs/resolver-binding-linux-x64-musl@1.11.1 from lock file\nnpm error Missing: @unrs/resolver-binding-wasm32-wasi@1.11.1 from lock file\nnpm error Missing: @unrs/resolver-binding-win32-arm64-msvc@1.11.1 from lock file\nnpm error Missing: @unrs/resolver-binding-win32-ia32-msvc@1.11.1 from lock file\nnpm error Missing: @unrs/resolver-binding-win32-x64-msvc@1.11.1 from lock file\nnpm error Missing: napi-postinstall@0.3.3 from lock file\nnpm error Missing: @napi-rs/wasm-runtime@0.2.12 from lock file\nnpm error Missing: @emnapi/core@1.5.0 from lock file\nnpm error Missing: @emnapi/runtime@1.5.0 from lock file\nnpm error Missing: @tybys/wasm-util@0.10.1 from lock file\nnpm error Missing: @emnapi/wasi-threads@1.1.0 from lock file\nnpm error Missing: makeerror@1.0.12 from lock file\nnpm error Missing: tmpl@1.0.5 from lock file\nnpm error Missing: isexe@2.0.0 from lock file\nnpm error Missing: imurmurhash@0.1.4 from lock file\nnpm error Missing: ms@2.1.3 from lock file\nnpm error Missing: yallist@3.1.1 from lock file\nnpm error Missing: ms@2.1.3 from lock file\nnpm error Missing: eastasianwidth@0.2.0 from lock file\nnpm error Missing: emoji-regex@9.2.2 from lock file\nnpm error Missing: ansi-regex@6.2.2 from lock file\nnpm error Missing: ansi-styles@6.2.3 from lock file\nnpm error Missing: ms@2.1.3 from lock file\nnpm error Missing: p-try@2.2.0 from lock file\nnpm error Missing: fs.realpath@1.0.0 from lock file\nnpm error Missing: inflight@1.0.6 from lock file\nnpm error Missing: path-is-absolute@1.0.1 from lock file\nnpm error Missing: brace-expansion@1.1.12 from lock file\nnpm error Missing: concat-map@0.0.1 from lock file\nnpm error\nnpm error Clean install a project\nnpm error\nnpm error Usage:\nnpm error npm ci\nnpm error\nnpm error Options:\nnpm error [--install-strategy <hoisted|nested|shallow|linked>] [--legacy-bundling]\nnpm error [--global-style] [--omit <dev|optional|peer> [--omit <dev|optional|peer> ...]]\nnpm error [--include <prod|dev|optional|peer> [--include <prod|dev|optional|peer> ...]]\nnpm error [--strict-peer-deps] [--foreground-scripts] [--ignore-scripts] [--no-audit]\nnpm error [--no-bin-links] [--no-fund] [--dry-run]\nnpm error [-w|--workspace <workspace-name> [-w|--workspace <workspace-name> ...]]\nnpm error [-ws|--workspaces] [--include-workspace-root] [--install-links]\nnpm error\nnpm error aliases: clean-install, ic, install-clean, isntall-clean\nnpm error\nnpm error Run \"npm help ci\" for more info\nnpm error A complete log of this run can be found in: /www-data-home/.npm/_logs/2025-09-23T01_47_27_211Z-debug-0.log. For more details see the logs at https://console.cloud.google.com/cloud-build/builds;region=us-central1/f73ff6c7-0545-4241-9e09-62b3741abfc0?project=469079304917."}}
[debug] [2025-09-23T01:48:05.914Z] Got source token undefined for region us-central1
[error] Build failed with status: FAILURE and message: npm error code EUSAGE
npm error
npm error `npm ci` can only install packages when your package.json and package-lock.json or npm-shrinkwrap.json are in sync. Please update your lock file with `npm install` before continuing.
npm error
npm error Missing: jest@30.1.3 from lock file
npm error Missing: @jest/core@30.1.3 from lock file
npm error Missing: @jest/types@30.0.5 from lock file
npm error Missing: import-local@3.2.0 from lock file
npm error Missing: jest-cli@30.1.3 from lock file
npm error Missing: @jest/console@30.1.2 from lock file
npm error Missing: @jest/pattern@30.0.1 from lock file
npm error Missing: @jest/reporters@30.1.3 from lock file
npm error Missing: @jest/test-result@30.1.3 from lock file
npm error Missing: @jest/transform@30.1.2 from lock file
npm error Missing: ansi-escapes@4.3.2 from lock file
npm error Missing: chalk@4.1.2 from lock file
npm error Missing: ci-info@4.3.0 from lock file
npm error Missing: exit-x@0.2.2 from lock file
npm error Missing: graceful-fs@4.2.11 from lock file
npm error Missing: jest-changed-files@30.0.5 from lock file
npm error Missing: jest-config@30.1.3 from lock file
npm error Missing: jest-haste-map@30.1.0 from lock file
npm error Missing: jest-message-util@30.1.0 from lock file
npm error Missing: jest-regex-util@30.0.1 from lock file
npm error Missing: jest-resolve@30.1.3 from lock file
npm error Missing: jest-resolve-dependencies@30.1.3 from lock file
npm error Missing: jest-runner@30.1.3 from lock file
npm error Missing: jest-runtime@30.1.3 from lock file
npm error Missing: jest-snapshot@30.1.2 from lock file
npm error Missing: jest-util@30.0.5 from lock file
npm error Missing: jest-validate@30.1.0 from lock file
npm error Missing: jest-watcher@30.1.3 from lock file
npm error Missing: micromatch@4.0.8 from lock file
npm error Missing: pretty-format@30.0.5 from lock file
npm error Missing: slash@3.0.0 from lock file
npm error Missing: @bcoe/v8-coverage@0.2.3 from lock file
npm error Missing: @jridgewell/trace-mapping@0.3.31 from lock file
npm error Missing: collect-v8-coverage@1.0.2 from lock file
npm error Missing: glob@10.4.5 from lock file
npm error Missing: istanbul-lib-coverage@3.2.2 from lock file
npm error Missing: istanbul-lib-instrument@6.0.3 from lock file
npm error Missing: istanbul-lib-report@3.0.1 from lock file
npm error Missing: istanbul-lib-source-maps@5.0.6 from lock file
npm error Missing: istanbul-reports@3.2.0 from lock file
npm error Missing: jest-worker@30.1.0 from lock file
npm error Missing: string-length@4.0.2 from lock file
npm error Missing: v8-to-istanbul@9.3.0 from lock file
npm error Missing: @types/istanbul-lib-coverage@2.0.6 from lock file
npm error Missing: @babel/core@7.28.4 from lock file
npm error Missing: babel-plugin-istanbul@7.0.1 from lock file
npm error Missing: convert-source-map@2.0.0 from lock file
npm error Missing: fast-json-stable-stringify@2.1.0 from lock file
npm error Missing: pirates@4.0.7 from lock file
npm error Missing: write-file-atomic@5.0.1 from lock file
npm error Missing: @babel/code-frame@7.27.1 from lock file
npm error Missing: @babel/generator@7.28.3 from lock file
npm error Missing: @babel/helper-compilation-targets@7.27.2 from lock file
npm error Missing: @babel/helper-module-transforms@7.28.3 from lock file
npm error Missing: @babel/helpers@7.28.4 from lock file
npm error Missing: @babel/parser@7.28.4 from lock file
npm error Missing: @babel/template@7.27.2 from lock file
npm error Missing: @babel/traverse@7.28.4 from lock file
npm error Missing: @babel/types@7.28.4 from lock file
npm error Missing: @jridgewell/remapping@2.3.5 from lock file
npm error Missing: debug@4.4.3 from lock file
npm error Missing: gensync@1.0.0-beta.2 from lock file
npm error Missing: json5@2.2.3 from lock file
npm error Missing: semver@6.3.1 from lock file
npm error Missing: @babel/helper-validator-identifier@7.27.1 from lock file
npm error Missing: js-tokens@4.0.0 from lock file
npm error Missing: picocolors@1.1.1 from lock file
npm error Missing: @jridgewell/gen-mapping@0.3.13 from lock file
npm error Missing: jsesc@3.1.0 from lock file
npm error Missing: @babel/compat-data@7.28.4 from lock file
npm error Missing: @babel/helper-validator-option@7.27.1 from lock file
npm error Missing: browserslist@4.26.2 from lock file
npm error Missing: lru-cache@5.1.1 from lock file
npm error Missing: semver@6.3.1 from lock file
npm error Missing: @babel/helper-module-imports@7.27.1 from lock file
npm error Missing: @babel/helper-globals@7.28.0 from lock file
npm error Missing: debug@4.4.3 from lock file
npm error Missing: @babel/helper-string-parser@7.27.1 from lock file
npm error Missing: @jest/schemas@30.0.5 from lock file
npm error Missing: @types/istanbul-reports@3.0.4 from lock file
npm error Missing: @types/yargs@17.0.33 from lock file
npm error Missing: @sinclair/typebox@0.34.41 from lock file
npm error Missing: @jridgewell/sourcemap-codec@1.5.5 from lock file
npm error Missing: @jridgewell/resolve-uri@3.1.2 from lock file
npm error Missing: @types/istanbul-lib-report@3.0.3 from lock file
npm error Missing: @types/yargs-parser@21.0.3 from lock file
npm error Missing: type-fest@0.21.3 from lock file
npm error Missing: @babel/helper-plugin-utils@7.27.1 from lock file
npm error Missing: @istanbuljs/load-nyc-config@1.1.0 from lock file
npm error Missing: @istanbuljs/schema@0.1.3 from lock file
npm error Missing: test-exclude@6.0.0 from lock file
npm error Missing: camelcase@5.3.1 from lock file
npm error Missing: find-up@4.1.0 from lock file
npm error Missing: get-package-type@0.1.0 from lock file
npm error Missing: js-yaml@3.14.1 from lock file
npm error Missing: resolve-from@5.0.0 from lock file
npm error Missing: baseline-browser-mapping@2.8.6 from lock file
npm error Missing: caniuse-lite@1.0.30001743 from lock file
npm error Missing: electron-to-chromium@1.5.222 from lock file
npm error Missing: node-releases@2.0.21 from lock file
npm error Missing: update-browserslist-db@1.1.3 from lock file
npm error Missing: supports-color@7.2.0 from lock file
npm error Missing: locate-path@5.0.0 from lock file
npm error Missing: path-exists@4.0.0 from lock file
npm error Missing: foreground-child@3.3.1 from lock file
npm error Missing: jackspeak@3.4.3 from lock file
npm error Missing: minimatch@9.0.5 from lock file
npm error Missing: minipass@7.1.2 from lock file
npm error Missing: package-json-from-dist@1.0.1 from lock file
npm error Missing: path-scurry@1.11.1 from lock file
npm error Missing: cross-spawn@7.0.6 from lock file
npm error Missing: signal-exit@4.1.0 from lock file
npm error Missing: path-key@3.1.1 from lock file
npm error Missing: shebang-command@2.0.0 from lock file
npm error Missing: which@2.0.2 from lock file
npm error Missing: pkg-dir@4.2.0 from lock file
npm error Missing: resolve-cwd@3.0.0 from lock file
npm error Missing: make-dir@4.0.0 from lock file
npm error Missing: debug@4.4.3 from lock file
npm error Missing: html-escaper@2.0.2 from lock file
npm error Missing: @isaacs/cliui@8.0.2 from lock file
npm error Missing: @pkgjs/parseargs@0.11.0 from lock file
npm error Missing: string-width@5.1.2 from lock file
npm error Missing: string-width-cjs@4.2.3 from lock file
npm error Missing: strip-ansi@7.1.2 from lock file
npm error Missing: strip-ansi-cjs@6.0.1 from lock file
npm error Missing: wrap-ansi@8.1.0 from lock file
npm error Missing: wrap-ansi-cjs@7.0.0 from lock file
npm error Missing: execa@5.1.1 from lock file
npm error Missing: get-stream@6.0.1 from lock file
npm error Missing: human-signals@2.1.0 from lock file
npm error Missing: merge-stream@2.0.0 from lock file
npm error Missing: npm-run-path@4.0.1 from lock file
npm error Missing: onetime@5.1.2 from lock file
npm error Missing: signal-exit@3.0.7 from lock file
npm error Missing: strip-final-newline@2.0.0 from lock file
npm error Missing: @jest/get-type@30.1.0 from lock file
npm error Missing: @jest/test-sequencer@30.1.3 from lock file
npm error Missing: babel-jest@30.1.2 from lock file
npm error Missing: deepmerge@4.3.1 from lock file
npm error Missing: jest-circus@30.1.3 from lock file
npm error Missing: jest-docblock@30.0.1 from lock file
npm error Missing: jest-environment-node@30.1.2 from lock file
npm error Missing: parse-json@5.2.0 from lock file
npm error Missing: strip-json-comments@3.1.1 from lock file
npm error Missing: @types/babel__core@7.20.5 from lock file
npm error Missing: babel-preset-jest@30.0.1 from lock file
npm error Missing: @types/babel__generator@7.27.0 from lock file
npm error Missing: @types/babel__template@7.4.4 from lock file
npm error Missing: @types/babel__traverse@7.28.0 from lock file
npm error Missing: babel-plugin-jest-hoist@30.0.1 from lock file
npm error Missing: babel-preset-current-node-syntax@1.2.0 from lock file
npm error Missing: @babel/plugin-syntax-async-generators@7.8.4 from lock file
npm error Missing: @babel/plugin-syntax-bigint@7.8.3 from lock file
npm error Missing: @babel/plugin-syntax-class-properties@7.12.13 from lock file
npm error Missing: @babel/plugin-syntax-class-static-block@7.14.5 from lock file
npm error Missing: @babel/plugin-syntax-import-attributes@7.27.1 from lock file
npm error Missing: @babel/plugin-syntax-import-meta@7.10.4 from lock file
npm error Missing: @babel/plugin-syntax-json-strings@7.8.3 from lock file
npm error Missing: @babel/plugin-syntax-logical-assignment-operators@7.10.4 from lock file
npm error Missing: @babel/plugin-syntax-nullish-coalescing-operator@7.8.3 from lock file
npm error Missing: @babel/plugin-syntax-numeric-separator@7.10.4 from lock file
npm error Missing: @babel/plugin-syntax-object-rest-spread@7.8.3 from lock file
npm error Missing: @babel/plugin-syntax-optional-catch-binding@7.8.3 from lock file
npm error Missing: @babel/plugin-syntax-optional-chaining@7.8.3 from lock file
npm error Missing: @babel/plugin-syntax-private-property-in-object@7.14.5 from lock file
npm error Missing: @babel/plugin-syntax-top-level-await@7.14.5 from lock file
npm error Missing: @jest/environment@30.1.2 from lock file
npm error Missing: @jest/expect@30.1.2 from lock file
npm error Missing: co@4.6.0 from lock file
npm error Missing: dedent@1.7.0 from lock file
npm error Missing: is-generator-fn@2.1.0 from lock file
npm error Missing: jest-each@30.1.0 from lock file
npm error Missing: jest-matcher-utils@30.1.2 from lock file
npm error Missing: pure-rand@7.0.1 from lock file
npm error Missing: stack-utils@2.0.6 from lock file
npm error Missing: @jest/fake-timers@30.1.2 from lock file
npm error Missing: jest-mock@30.0.5 from lock file
npm error Missing: expect@30.1.2 from lock file
npm error Missing: @sinonjs/fake-timers@13.0.5 from lock file
npm error Missing: @sinonjs/commons@3.0.1 from lock file
npm error Missing: type-detect@4.0.8 from lock file
npm error Missing: @jest/expect-utils@30.1.2 from lock file
npm error Missing: detect-newline@3.1.0 from lock file
npm error Missing: anymatch@3.1.3 from lock file
npm error Missing: fb-watchman@2.0.2 from lock file
npm error Missing: fsevents@2.3.3 from lock file
npm error Missing: walker@1.0.8 from lock file
npm error Missing: normalize-path@3.0.0 from lock file
npm error Missing: picomatch@2.3.1 from lock file
npm error Missing: bser@2.1.1 from lock file
npm error Missing: node-int64@0.4.0 from lock file
npm error Missing: jest-diff@30.1.2 from lock file
npm error Missing: @jest/diff-sequences@30.0.1 from lock file
npm error Missing: @types/stack-utils@2.0.3 from lock file
npm error Missing: jest-pnp-resolver@1.2.3 from lock file
npm error Missing: unrs-resolver@1.11.1 from lock file
npm error Missing: emittery@0.13.1 from lock file
npm error Missing: jest-leak-detector@30.1.0 from lock file
npm error Missing: source-map-support@0.5.13 from lock file
npm error Missing: @jest/globals@30.1.2 from lock file
npm error Missing: @jest/source-map@30.0.1 from lock file
npm error Missing: cjs-module-lexer@2.1.0 from lock file
npm error Missing: strip-bom@4.0.0 from lock file
npm error Missing: callsites@3.1.0 from lock file
npm error Missing: @babel/plugin-syntax-jsx@7.27.1 from lock file
npm error Missing: @babel/plugin-syntax-typescript@7.27.1 from lock file
npm error Missing: @jest/snapshot-utils@30.1.2 from lock file
npm error Missing: synckit@0.11.11 from lock file
npm error Missing: natural-compare@1.4.0 from lock file
npm error Missing: picomatch@4.0.3 from lock file
npm error Missing: camelcase@6.3.0 from lock file
npm error Missing: leven@3.1.0 from lock file
npm error Missing: @ungap/structured-clone@1.3.0 from lock file
npm error Missing: supports-color@8.1.1 from lock file
npm error Missing: argparse@1.0.10 from lock file
npm error Missing: esprima@4.0.1 from lock file
npm error Missing: sprintf-js@1.0.3 from lock file
npm error Missing: p-locate@4.1.0 from lock file
npm error Missing: braces@3.0.3 from lock file
npm error Missing: fill-range@7.1.1 from lock file
npm error Missing: to-regex-range@5.0.1 from lock file
npm error Missing: brace-expansion@2.0.2 from lock file
npm error Missing: balanced-match@1.0.2 from lock file
npm error Missing: mimic-fn@2.1.0 from lock file
npm error Missing: p-limit@2.3.0 from lock file
npm error Missing: error-ex@1.3.4 from lock file
npm error Missing: json-parse-even-better-errors@2.3.1 from lock file
npm error Missing: lines-and-columns@1.2.4 from lock file
npm error Missing: is-arrayish@0.2.1 from lock file
npm error Missing: lru-cache@10.4.3 from lock file
npm error Missing: ansi-styles@5.2.0 from lock file
npm error Missing: react-is@18.3.1 from lock file
npm error Missing: shebang-regex@3.0.0 from lock file
npm error Missing: buffer-from@1.1.2 from lock file
npm error Missing: source-map@0.6.1 from lock file
npm error Missing: escape-string-regexp@2.0.0 from lock file
npm error Missing: char-regex@1.0.2 from lock file
npm error Missing: has-flag@4.0.0 from lock file
npm error Missing: @pkgr/core@0.2.9 from lock file
npm error Missing: glob@7.2.3 from lock file
npm error Missing: minimatch@3.1.2 from lock file
npm error Missing: is-number@7.0.0 from lock file
npm error Missing: @unrs/resolver-binding-android-arm-eabi@1.11.1 from lock file
npm error Missing: @unrs/resolver-binding-android-arm64@1.11.1 from lock file
npm error Missing: @unrs/resolver-binding-darwin-arm64@1.11.1 from lock file
npm error Missing: @unrs/resolver-binding-darwin-x64@1.11.1 from lock file
npm error Missing: @unrs/resolver-binding-freebsd-x64@1.11.1 from lock file
npm error Missing: @unrs/resolver-binding-linux-arm-gnueabihf@1.11.1 from lock file
npm error Missing: @unrs/resolver-binding-linux-arm-musleabihf@1.11.1 from lock file
npm error Missing: @unrs/resolver-binding-linux-arm64-gnu@1.11.1 from lock file
npm error Missing: @unrs/resolver-binding-linux-arm64-musl@1.11.1 from lock file
npm error Missing: @unrs/resolver-binding-linux-ppc64-gnu@1.11.1 from lock file
npm error Missing: @unrs/resolver-binding-linux-riscv64-gnu@1.11.1 from lock file
npm error Missing: @unrs/resolver-binding-linux-riscv64-musl@1.11.1 from lock file
npm error Missing: @unrs/resolver-binding-linux-s390x-gnu@1.11.1 from lock file
npm error Missing: @unrs/resolver-binding-linux-x64-gnu@1.11.1 from lock file
npm error Missing: @unrs/resolver-binding-linux-x64-musl@1.11.1 from lock file
npm error Missing: @unrs/resolver-binding-wasm32-wasi@1.11.1 from lock file
npm error Missing: @unrs/resolver-binding-win32-arm64-msvc@1.11.1 from lock file
npm error Missing: @unrs/resolver-binding-win32-ia32-msvc@1.11.1 from lock file
npm error Missing: @unrs/resolver-binding-win32-x64-msvc@1.11.1 from lock file
npm error Missing: napi-postinstall@0.3.3 from lock file
npm error Missing: @napi-rs/wasm-runtime@0.2.12 from lock file
npm error Missing: @emnapi/core@1.5.0 from lock file
npm error Missing: @emnapi/runtime@1.5.0 from lock file
npm error Missing: @tybys/wasm-util@0.10.1 from lock file
npm error Missing: @emnapi/wasi-threads@1.1.0 from lock file
npm error Missing: makeerror@1.0.12 from lock file
npm error Missing: tmpl@1.0.5 from lock file
npm error Missing: isexe@2.0.0 from lock file
npm error Missing: imurmurhash@0.1.4 from lock file
npm error Missing: ms@2.1.3 from lock file
npm error Missing: yallist@3.1.1 from lock file
npm error Missing: ms@2.1.3 from lock file
npm error Missing: eastasianwidth@0.2.0 from lock file
npm error Missing: emoji-regex@9.2.2 from lock file
npm error Missing: ansi-regex@6.2.2 from lock file
npm error Missing: ansi-styles@6.2.3 from lock file
npm error Missing: ms@2.1.3 from lock file
npm error Missing: p-try@2.2.0 from lock file
npm error Missing: fs.realpath@1.0.0 from lock file
npm error Missing: inflight@1.0.6 from lock file
npm error Missing: path-is-absolute@1.0.1 from lock file
npm error Missing: brace-expansion@1.1.12 from lock file
npm error Missing: concat-map@0.0.1 from lock file
npm error
npm error Clean install a project
npm error
npm error Usage:
npm error npm ci
npm error
npm error Options:
npm error [--install-strategy <hoisted|nested|shallow|linked>] [--legacy-bundling]
npm error [--global-style] [--omit <dev|optional|peer> [--omit <dev|optional|peer> ...]]
npm error [--include <prod|dev|optional|peer> [--include <prod|dev|optional|peer> ...]]
npm error [--strict-peer-deps] [--foreground-scripts] [--ignore-scripts] [--no-audit]
npm error [--no-bin-links] [--no-fund] [--dry-run]
npm error [-w|--workspace <workspace-name> [-w|--workspace <workspace-name> ...]]
npm error [-ws|--workspaces] [--include-workspace-root] [--install-links]
npm error
npm error aliases: clean-install, ic, install-clean, isntall-clean
npm error
npm error Run "npm help ci" for more info
npm error A complete log of this run can be found in: /www-data-home/.npm/_logs/2025-09-23T01_47_27_211Z-debug-0.log. For more details see the logs at https://console.cloud.google.com/cloud-build/builds;region=us-central1/f73ff6c7-0545-4241-9e09-62b3741abfc0?project=469079304917.
[debug] [2025-09-23T01:48:05.930Z] Total Function Deployment time: 63372
[debug] [2025-09-23T01:48:05.930Z] 1 Functions Deployed
[debug] [2025-09-23T01:48:05.930Z] 1 Functions Errored
[debug] [2025-09-23T01:48:05.930Z] 0 Function Deployments Aborted
[debug] [2025-09-23T01:48:05.930Z] Average Function Deployment time: 63371
[info] 
[info] Functions deploy had errors with the following functions:
	helloWorld(us-central1)
[debug] [2025-09-23T01:48:06.678Z] Not printing URL for HTTPS function. Typically this means it didn't match a filter or we failed deployment
[debug] [2025-09-23T01:48:06.679Z] Checked if tokens are valid: true, expires at: 1758595593688
[debug] [2025-09-23T01:48:06.679Z] Checked if tokens are valid: true, expires at: 1758595593688
[debug] [2025-09-23T01:48:06.679Z] >>> [apiv2][query] GET https://artifactregistry.googleapis.com/v1/projects/healthcenter-61826/locations/us-central1/repositories/gcf-artifacts [none]
[debug] [2025-09-23T01:48:08.075Z] <<< [apiv2][status] GET https://artifactregistry.googleapis.com/v1/projects/healthcenter-61826/locations/us-central1/repositories/gcf-artifacts 200
[debug] [2025-09-23T01:48:08.076Z] <<< [apiv2][body] GET https://artifactregistry.googleapis.com/v1/projects/healthcenter-61826/locations/us-central1/repositories/gcf-artifacts {"name":"projects/healthcenter-61826/locations/us-central1/repositories/gcf-artifacts","format":"DOCKER","description":"This repository is created and used by Cloud Functions for storing function docker images.","labels":{"goog-managed-by":"cloudfunctions"},"createTime":"2025-09-22T12:42:07.624163Z","updateTime":"2025-09-22T13:00:55.698736Z","mode":"STANDARD_REPOSITORY","cleanupPolicies":{"firebase-functions-cleanup":{"id":"firebase-functions-cleanup","action":"DELETE","condition":{"tagState":"ANY","olderThan":"86400s"}}},"vulnerabilityScanningConfig":{"lastEnableTime":"2025-09-22T12:41:59.171768800Z","enablementState":"SCANNING_DISABLED","enablementStateReason":"API containerscanning.googleapis.com is not enabled."},"satisfiesPzi":true,"registryUri":"us-central1-docker.pkg.dev/healthcenter-61826/gcf-artifacts"}
[debug] [2025-09-23T01:48:08.076Z] Functions deploy failed.
[debug] [2025-09-23T01:48:08.076Z] {
  "endpoint": {
    "id": "helloWorld",
    "project": "healthcenter-61826",
    "region": "us-central1",
    "entryPoint": "helloWorld",
    "platform": "gcfv2",
    "runtime": "nodejs22",
    "httpsTrigger": {},
    "labels": {
      "deployment-tool": "cli-firebase"
    },
    "serviceAccount": null,
    "ingressSettings": null,
    "availableMemoryMb": null,
    "timeoutSeconds": null,
    "maxInstances": null,
    "minInstances": null,
    "concurrency": 80,
    "vpc": null,
    "environmentVariables": {
      "FIREBASE_CONFIG": "{\"projectId\":\"healthcenter-61826\",\"storageBucket\":\"healthcenter-61826.firebasestorage.app\"}",
      "GCLOUD_PROJECT": "healthcenter-61826",
      "EVENTARC_CLOUD_EVENT_SOURCE": "projects/healthcenter-61826/locations/us-central1/services/helloWorld"
    },
    "codebase": "default",
    "securityLevel": "SECURE_ALWAYS",
    "cpu": 1,
    "targetedByOnly": false,
    "hash": "b40e1e4c07ab4233b311535a840660f6110e2b6c"
  },
  "op": "update",
  "original": {
    "name": "FirebaseError",
    "children": [],
    "exit": 1,
    "message": "Build failed with status: FAILURE and message: npm error code EUSAGE\nnpm error\nnpm error `npm ci` can only install packages when your package.json and package-lock.json or npm-shrinkwrap.json are in sync. Please update your lock file with `npm install` before continuing.\nnpm error\nnpm error Missing: jest@30.1.3 from lock file\nnpm error Missing: @jest/core@30.1.3 from lock file\nnpm error Missing: @jest/types@30.0.5 from lock file\nnpm error Missing: import-local@3.2.0 from lock file\nnpm error Missing: jest-cli@30.1.3 from lock file\nnpm error Missing: @jest/console@30.1.2 from lock file\nnpm error Missing: @jest/pattern@30.0.1 from lock file\nnpm error Missing: @jest/reporters@30.1.3 from lock file\nnpm error Missing: @jest/test-result@30.1.3 from lock file\nnpm error Missing: @jest/transform@30.1.2 from lock file\nnpm error Missing: ansi-escapes@4.3.2 from lock file\nnpm error Missing: chalk@4.1.2 from lock file\nnpm error Missing: ci-info@4.3.0 from lock file\nnpm error Missing: exit-x@0.2.2 from lock file\nnpm error Missing: graceful-fs@4.2.11 from lock file\nnpm error Missing: jest-changed-files@30.0.5 from lock file\nnpm error Missing: jest-config@30.1.3 from lock file\nnpm error Missing: jest-haste-map@30.1.0 from lock file\nnpm error Missing: jest-message-util@30.1.0 from lock file\nnpm error Missing: jest-regex-util@30.0.1 from lock file\nnpm error Missing: jest-resolve@30.1.3 from lock file\nnpm error Missing: jest-resolve-dependencies@30.1.3 from lock file\nnpm error Missing: jest-runner@30.1.3 from lock file\nnpm error Missing: jest-runtime@30.1.3 from lock file\nnpm error Missing: jest-snapshot@30.1.2 from lock file\nnpm error Missing: jest-util@30.0.5 from lock file\nnpm error Missing: jest-validate@30.1.0 from lock file\nnpm error Missing: jest-watcher@30.1.3 from lock file\nnpm error Missing: micromatch@4.0.8 from lock file\nnpm error Missing: pretty-format@30.0.5 from lock file\nnpm error Missing: slash@3.0.0 from lock file\nnpm error Missing: @bcoe/v8-coverage@0.2.3 from lock file\nnpm error Missing: @jridgewell/trace-mapping@0.3.31 from lock file\nnpm error Missing: collect-v8-coverage@1.0.2 from lock file\nnpm error Missing: glob@10.4.5 from lock file\nnpm error Missing: istanbul-lib-coverage@3.2.2 from lock file\nnpm error Missing: istanbul-lib-instrument@6.0.3 from lock file\nnpm error Missing: istanbul-lib-report@3.0.1 from lock file\nnpm error Missing: istanbul-lib-source-maps@5.0.6 from lock file\nnpm error Missing: istanbul-reports@3.2.0 from lock file\nnpm error Missing: jest-worker@30.1.0 from lock file\nnpm error Missing: string-length@4.0.2 from lock file\nnpm error Missing: v8-to-istanbul@9.3.0 from lock file\nnpm error Missing: @types/istanbul-lib-coverage@2.0.6 from lock file\nnpm error Missing: @babel/core@7.28.4 from lock file\nnpm error Missing: babel-plugin-istanbul@7.0.1 from lock file\nnpm error Missing: convert-source-map@2.0.0 from lock file\nnpm error Missing: fast-json-stable-stringify@2.1.0 from lock file\nnpm error Missing: pirates@4.0.7 from lock file\nnpm error Missing: write-file-atomic@5.0.1 from lock file\nnpm error Missing: @babel/code-frame@7.27.1 from lock file\nnpm error Missing: @babel/generator@7.28.3 from lock file\nnpm error Missing: @babel/helper-compilation-targets@7.27.2 from lock file\nnpm error Missing: @babel/helper-module-transforms@7.28.3 from lock file\nnpm error Missing: @babel/helpers@7.28.4 from lock file\nnpm error Missing: @babel/parser@7.28.4 from lock file\nnpm error Missing: @babel/template@7.27.2 from lock file\nnpm error Missing: @babel/traverse@7.28.4 from lock file\nnpm error Missing: @babel/types@7.28.4 from lock file\nnpm error Missing: @jridgewell/remapping@2.3.5 from lock file\nnpm error Missing: debug@4.4.3 from lock file\nnpm error Missing: gensync@1.0.0-beta.2 from lock file\nnpm error Missing: json5@2.2.3 from lock file\nnpm error Missing: semver@6.3.1 from lock file\nnpm error Missing: @babel/helper-validator-identifier@7.27.1 from lock file\nnpm error Missing: js-tokens@4.0.0 from lock file\nnpm error Missing: picocolors@1.1.1 from lock file\nnpm error Missing: @jridgewell/gen-mapping@0.3.13 from lock file\nnpm error Missing: jsesc@3.1.0 from lock file\nnpm error Missing: @babel/compat-data@7.28.4 from lock file\nnpm error Missing: @babel/helper-validator-option@7.27.1 from lock file\nnpm error Missing: browserslist@4.26.2 from lock file\nnpm error Missing: lru-cache@5.1.1 from lock file\nnpm error Missing: semver@6.3.1 from lock file\nnpm error Missing: @babel/helper-module-imports@7.27.1 from lock file\nnpm error Missing: @babel/helper-globals@7.28.0 from lock file\nnpm error Missing: debug@4.4.3 from lock file\nnpm error Missing: @babel/helper-string-parser@7.27.1 from lock file\nnpm error Missing: @jest/schemas@30.0.5 from lock file\nnpm error Missing: @types/istanbul-reports@3.0.4 from lock file\nnpm error Missing: @types/yargs@17.0.33 from lock file\nnpm error Missing: @sinclair/typebox@0.34.41 from lock file\nnpm error Missing: @jridgewell/sourcemap-codec@1.5.5 from lock file\nnpm error Missing: @jridgewell/resolve-uri@3.1.2 from lock file\nnpm error Missing: @types/istanbul-lib-report@3.0.3 from lock file\nnpm error Missing: @types/yargs-parser@21.0.3 from lock file\nnpm error Missing: type-fest@0.21.3 from lock file\nnpm error Missing: @babel/helper-plugin-utils@7.27.1 from lock file\nnpm error Missing: @istanbuljs/load-nyc-config@1.1.0 from lock file\nnpm error Missing: @istanbuljs/schema@0.1.3 from lock file\nnpm error Missing: test-exclude@6.0.0 from lock file\nnpm error Missing: camelcase@5.3.1 from lock file\nnpm error Missing: find-up@4.1.0 from lock file\nnpm error Missing: get-package-type@0.1.0 from lock file\nnpm error Missing: js-yaml@3.14.1 from lock file\nnpm error Missing: resolve-from@5.0.0 from lock file\nnpm error Missing: baseline-browser-mapping@2.8.6 from lock file\nnpm error Missing: caniuse-lite@1.0.30001743 from lock file\nnpm error Missing: electron-to-chromium@1.5.222 from lock file\nnpm error Missing: node-releases@2.0.21 from lock file\nnpm error Missing: update-browserslist-db@1.1.3 from lock file\nnpm error Missing: supports-color@7.2.0 from lock file\nnpm error Missing: locate-path@5.0.0 from lock file\nnpm error Missing: path-exists@4.0.0 from lock file\nnpm error Missing: foreground-child@3.3.1 from lock file\nnpm error Missing: jackspeak@3.4.3 from lock file\nnpm error Missing: minimatch@9.0.5 from lock file\nnpm error Missing: minipass@7.1.2 from lock file\nnpm error Missing: package-json-from-dist@1.0.1 from lock file\nnpm error Missing: path-scurry@1.11.1 from lock file\nnpm error Missing: cross-spawn@7.0.6 from lock file\nnpm error Missing: signal-exit@4.1.0 from lock file\nnpm error Missing: path-key@3.1.1 from lock file\nnpm error Missing: shebang-command@2.0.0 from lock file\nnpm error Missing: which@2.0.2 from lock file\nnpm error Missing: pkg-dir@4.2.0 from lock file\nnpm error Missing: resolve-cwd@3.0.0 from lock file\nnpm error Missing: make-dir@4.0.0 from lock file\nnpm error Missing: debug@4.4.3 from lock file\nnpm error Missing: html-escaper@2.0.2 from lock file\nnpm error Missing: @isaacs/cliui@8.0.2 from lock file\nnpm error Missing: @pkgjs/parseargs@0.11.0 from lock file\nnpm error Missing: string-width@5.1.2 from lock file\nnpm error Missing: string-width-cjs@4.2.3 from lock file\nnpm error Missing: strip-ansi@7.1.2 from lock file\nnpm error Missing: strip-ansi-cjs@6.0.1 from lock file\nnpm error Missing: wrap-ansi@8.1.0 from lock file\nnpm error Missing: wrap-ansi-cjs@7.0.0 from lock file\nnpm error Missing: execa@5.1.1 from lock file\nnpm error Missing: get-stream@6.0.1 from lock file\nnpm error Missing: human-signals@2.1.0 from lock file\nnpm error Missing: merge-stream@2.0.0 from lock file\nnpm error Missing: npm-run-path@4.0.1 from lock file\nnpm error Missing: onetime@5.1.2 from lock file\nnpm error Missing: signal-exit@3.0.7 from lock file\nnpm error Missing: strip-final-newline@2.0.0 from lock file\nnpm error Missing: @jest/get-type@30.1.0 from lock file\nnpm error Missing: @jest/test-sequencer@30.1.3 from lock file\nnpm error Missing: babel-jest@30.1.2 from lock file\nnpm error Missing: deepmerge@4.3.1 from lock file\nnpm error Missing: jest-circus@30.1.3 from lock file\nnpm error Missing: jest-docblock@30.0.1 from lock file\nnpm error Missing: jest-environment-node@30.1.2 from lock file\nnpm error Missing: parse-json@5.2.0 from lock file\nnpm error Missing: strip-json-comments@3.1.1 from lock file\nnpm error Missing: @types/babel__core@7.20.5 from lock file\nnpm error Missing: babel-preset-jest@30.0.1 from lock file\nnpm error Missing: @types/babel__generator@7.27.0 from lock file\nnpm error Missing: @types/babel__template@7.4.4 from lock file\nnpm error Missing: @types/babel__traverse@7.28.0 from lock file\nnpm error Missing: babel-plugin-jest-hoist@30.0.1 from lock file\nnpm error Missing: babel-preset-current-node-syntax@1.2.0 from lock file\nnpm error Missing: @babel/plugin-syntax-async-generators@7.8.4 from lock file\nnpm error Missing: @babel/plugin-syntax-bigint@7.8.3 from lock file\nnpm error Missing: @babel/plugin-syntax-class-properties@7.12.13 from lock file\nnpm error Missing: @babel/plugin-syntax-class-static-block@7.14.5 from lock file\nnpm error Missing: @babel/plugin-syntax-import-attributes@7.27.1 from lock file\nnpm error Missing: @babel/plugin-syntax-import-meta@7.10.4 from lock file\nnpm error Missing: @babel/plugin-syntax-json-strings@7.8.3 from lock file\nnpm error Missing: @babel/plugin-syntax-logical-assignment-operators@7.10.4 from lock file\nnpm error Missing: @babel/plugin-syntax-nullish-coalescing-operator@7.8.3 from lock file\nnpm error Missing: @babel/plugin-syntax-numeric-separator@7.10.4 from lock file\nnpm error Missing: @babel/plugin-syntax-object-rest-spread@7.8.3 from lock file\nnpm error Missing: @babel/plugin-syntax-optional-catch-binding@7.8.3 from lock file\nnpm error Missing: @babel/plugin-syntax-optional-chaining@7.8.3 from lock file\nnpm error Missing: @babel/plugin-syntax-private-property-in-object@7.14.5 from lock file\nnpm error Missing: @babel/plugin-syntax-top-level-await@7.14.5 from lock file\nnpm error Missing: @jest/environment@30.1.2 from lock file\nnpm error Missing: @jest/expect@30.1.2 from lock file\nnpm error Missing: co@4.6.0 from lock file\nnpm error Missing: dedent@1.7.0 from lock file\nnpm error Missing: is-generator-fn@2.1.0 from lock file\nnpm error Missing: jest-each@30.1.0 from lock file\nnpm error Missing: jest-matcher-utils@30.1.2 from lock file\nnpm error Missing: pure-rand@7.0.1 from lock file\nnpm error Missing: stack-utils@2.0.6 from lock file\nnpm error Missing: @jest/fake-timers@30.1.2 from lock file\nnpm error Missing: jest-mock@30.0.5 from lock file\nnpm error Missing: expect@30.1.2 from lock file\nnpm error Missing: @sinonjs/fake-timers@13.0.5 from lock file\nnpm error Missing: @sinonjs/commons@3.0.1 from lock file\nnpm error Missing: type-detect@4.0.8 from lock file\nnpm error Missing: @jest/expect-utils@30.1.2 from lock file\nnpm error Missing: detect-newline@3.1.0 from lock file\nnpm error Missing: anymatch@3.1.3 from lock file\nnpm error Missing: fb-watchman@2.0.2 from lock file\nnpm error Missing: fsevents@2.3.3 from lock file\nnpm error Missing: walker@1.0.8 from lock file\nnpm error Missing: normalize-path@3.0.0 from lock file\nnpm error Missing: picomatch@2.3.1 from lock file\nnpm error Missing: bser@2.1.1 from lock file\nnpm error Missing: node-int64@0.4.0 from lock file\nnpm error Missing: jest-diff@30.1.2 from lock file\nnpm error Missing: @jest/diff-sequences@30.0.1 from lock file\nnpm error Missing: @types/stack-utils@2.0.3 from lock file\nnpm error Missing: jest-pnp-resolver@1.2.3 from lock file\nnpm error Missing: unrs-resolver@1.11.1 from lock file\nnpm error Missing: emittery@0.13.1 from lock file\nnpm error Missing: jest-leak-detector@30.1.0 from lock file\nnpm error Missing: source-map-support@0.5.13 from lock file\nnpm error Missing: @jest/globals@30.1.2 from lock file\nnpm error Missing: @jest/source-map@30.0.1 from lock file\nnpm error Missing: cjs-module-lexer@2.1.0 from lock file\nnpm error Missing: strip-bom@4.0.0 from lock file\nnpm error Missing: callsites@3.1.0 from lock file\nnpm error Missing: @babel/plugin-syntax-jsx@7.27.1 from lock file\nnpm error Missing: @babel/plugin-syntax-typescript@7.27.1 from lock file\nnpm error Missing: @jest/snapshot-utils@30.1.2 from lock file\nnpm error Missing: synckit@0.11.11 from lock file\nnpm error Missing: natural-compare@1.4.0 from lock file\nnpm error Missing: picomatch@4.0.3 from lock file\nnpm error Missing: camelcase@6.3.0 from lock file\nnpm error Missing: leven@3.1.0 from lock file\nnpm error Missing: @ungap/structured-clone@1.3.0 from lock file\nnpm error Missing: supports-color@8.1.1 from lock file\nnpm error Missing: argparse@1.0.10 from lock file\nnpm error Missing: esprima@4.0.1 from lock file\nnpm error Missing: sprintf-js@1.0.3 from lock file\nnpm error Missing: p-locate@4.1.0 from lock file\nnpm error Missing: braces@3.0.3 from lock file\nnpm error Missing: fill-range@7.1.1 from lock file\nnpm error Missing: to-regex-range@5.0.1 from lock file\nnpm error Missing: brace-expansion@2.0.2 from lock file\nnpm error Missing: balanced-match@1.0.2 from lock file\nnpm error Missing: mimic-fn@2.1.0 from lock file\nnpm error Missing: p-limit@2.3.0 from lock file\nnpm error Missing: error-ex@1.3.4 from lock file\nnpm error Missing: json-parse-even-better-errors@2.3.1 from lock file\nnpm error Missing: lines-and-columns@1.2.4 from lock file\nnpm error Missing: is-arrayish@0.2.1 from lock file\nnpm error Missing: lru-cache@10.4.3 from lock file\nnpm error Missing: ansi-styles@5.2.0 from lock file\nnpm error Missing: react-is@18.3.1 from lock file\nnpm error Missing: shebang-regex@3.0.0 from lock file\nnpm error Missing: buffer-from@1.1.2 from lock file\nnpm error Missing: source-map@0.6.1 from lock file\nnpm error Missing: escape-string-regexp@2.0.0 from lock file\nnpm error Missing: char-regex@1.0.2 from lock file\nnpm error Missing: has-flag@4.0.0 from lock file\nnpm error Missing: @pkgr/core@0.2.9 from lock file\nnpm error Missing: glob@7.2.3 from lock file\nnpm error Missing: minimatch@3.1.2 from lock file\nnpm error Missing: is-number@7.0.0 from lock file\nnpm error Missing: @unrs/resolver-binding-android-arm-eabi@1.11.1 from lock file\nnpm error Missing: @unrs/resolver-binding-android-arm64@1.11.1 from lock file\nnpm error Missing: @unrs/resolver-binding-darwin-arm64@1.11.1 from lock file\nnpm error Missing: @unrs/resolver-binding-darwin-x64@1.11.1 from lock file\nnpm error Missing: @unrs/resolver-binding-freebsd-x64@1.11.1 from lock file\nnpm error Missing: @unrs/resolver-binding-linux-arm-gnueabihf@1.11.1 from lock file\nnpm error Missing: @unrs/resolver-binding-linux-arm-musleabihf@1.11.1 from lock file\nnpm error Missing: @unrs/resolver-binding-linux-arm64-gnu@1.11.1 from lock file\nnpm error Missing: @unrs/resolver-binding-linux-arm64-musl@1.11.1 from lock file\nnpm error Missing: @unrs/resolver-binding-linux-ppc64-gnu@1.11.1 from lock file\nnpm error Missing: @unrs/resolver-binding-linux-riscv64-gnu@1.11.1 from lock file\nnpm error Missing: @unrs/resolver-binding-linux-riscv64-musl@1.11.1 from lock file\nnpm error Missing: @unrs/resolver-binding-linux-s390x-gnu@1.11.1 from lock file\nnpm error Missing: @unrs/resolver-binding-linux-x64-gnu@1.11.1 from lock file\nnpm error Missing: @unrs/resolver-binding-linux-x64-musl@1.11.1 from lock file\nnpm error Missing: @unrs/resolver-binding-wasm32-wasi@1.11.1 from lock file\nnpm error Missing: @unrs/resolver-binding-win32-arm64-msvc@1.11.1 from lock file\nnpm error Missing: @unrs/resolver-binding-win32-ia32-msvc@1.11.1 from lock file\nnpm error Missing: @unrs/resolver-binding-win32-x64-msvc@1.11.1 from lock file\nnpm error Missing: napi-postinstall@0.3.3 from lock file\nnpm error Missing: @napi-rs/wasm-runtime@0.2.12 from lock file\nnpm error Missing: @emnapi/core@1.5.0 from lock file\nnpm error Missing: @emnapi/runtime@1.5.0 from lock file\nnpm error Missing: @tybys/wasm-util@0.10.1 from lock file\nnpm error Missing: @emnapi/wasi-threads@1.1.0 from lock file\nnpm error Missing: makeerror@1.0.12 from lock file\nnpm error Missing: tmpl@1.0.5 from lock file\nnpm error Missing: isexe@2.0.0 from lock file\nnpm error Missing: imurmurhash@0.1.4 from lock file\nnpm error Missing: ms@2.1.3 from lock file\nnpm error Missing: yallist@3.1.1 from lock file\nnpm error Missing: ms@2.1.3 from lock file\nnpm error Missing: eastasianwidth@0.2.0 from lock file\nnpm error Missing: emoji-regex@9.2.2 from lock file\nnpm error Missing: ansi-regex@6.2.2 from lock file\nnpm error Missing: ansi-styles@6.2.3 from lock file\nnpm error Missing: ms@2.1.3 from lock file\nnpm error Missing: p-try@2.2.0 from lock file\nnpm error Missing: fs.realpath@1.0.0 from lock file\nnpm error Missing: inflight@1.0.6 from lock file\nnpm error Missing: path-is-absolute@1.0.1 from lock file\nnpm error Missing: brace-expansion@1.1.12 from lock file\nnpm error Missing: concat-map@0.0.1 from lock file\nnpm error\nnpm error Clean install a project\nnpm error\nnpm error Usage:\nnpm error npm ci\nnpm error\nnpm error Options:\nnpm error [--install-strategy <hoisted|nested|shallow|linked>] [--legacy-bundling]\nnpm error [--global-style] [--omit <dev|optional|peer> [--omit <dev|optional|peer> ...]]\nnpm error [--include <prod|dev|optional|peer> [--include <prod|dev|optional|peer> ...]]\nnpm error [--strict-peer-deps] [--foreground-scripts] [--ignore-scripts] [--no-audit]\nnpm error [--no-bin-links] [--no-fund] [--dry-run]\nnpm error [-w|--workspace <workspace-name> [-w|--workspace <workspace-name> ...]]\nnpm error [-ws|--workspaces] [--include-workspace-root] [--install-links]\nnpm error\nnpm error aliases: clean-install, ic, install-clean, isntall-clean\nnpm error\nnpm error Run \"npm help ci\" for more info\nnpm error A complete log of this run can be found in: /www-data-home/.npm/_logs/2025-09-23T01_47_27_211Z-debug-0.log. For more details see the logs at https://console.cloud.google.com/cloud-build/builds;region=us-central1/f73ff6c7-0545-4241-9e09-62b3741abfc0?project=469079304917.",
    "original": {
      "code": 3,
      "message": "Build failed with status: FAILURE and message: npm error code EUSAGE\nnpm error\nnpm error `npm ci` can only install packages when your package.json and package-lock.json or npm-shrinkwrap.json are in sync. Please update your lock file with `npm install` before continuing.\nnpm error\nnpm error Missing: jest@30.1.3 from lock file\nnpm error Missing: @jest/core@30.1.3 from lock file\nnpm error Missing: @jest/types@30.0.5 from lock file\nnpm error Missing: import-local@3.2.0 from lock file\nnpm error Missing: jest-cli@30.1.3 from lock file\nnpm error Missing: @jest/console@30.1.2 from lock file\nnpm error Missing: @jest/pattern@30.0.1 from lock file\nnpm error Missing: @jest/reporters@30.1.3 from lock file\nnpm error Missing: @jest/test-result@30.1.3 from lock file\nnpm error Missing: @jest/transform@30.1.2 from lock file\nnpm error Missing: ansi-escapes@4.3.2 from lock file\nnpm error Missing: chalk@4.1.2 from lock file\nnpm error Missing: ci-info@4.3.0 from lock file\nnpm error Missing: exit-x@0.2.2 from lock file\nnpm error Missing: graceful-fs@4.2.11 from lock file\nnpm error Missing: jest-changed-files@30.0.5 from lock file\nnpm error Missing: jest-config@30.1.3 from lock file\nnpm error Missing: jest-haste-map@30.1.0 from lock file\nnpm error Missing: jest-message-util@30.1.0 from lock file\nnpm error Missing: jest-regex-util@30.0.1 from lock file\nnpm error Missing: jest-resolve@30.1.3 from lock file\nnpm error Missing: jest-resolve-dependencies@30.1.3 from lock file\nnpm error Missing: jest-runner@30.1.3 from lock file\nnpm error Missing: jest-runtime@30.1.3 from lock file\nnpm error Missing: jest-snapshot@30.1.2 from lock file\nnpm error Missing: jest-util@30.0.5 from lock file\nnpm error Missing: jest-validate@30.1.0 from lock file\nnpm error Missing: jest-watcher@30.1.3 from lock file\nnpm error Missing: micromatch@4.0.8 from lock file\nnpm error Missing: pretty-format@30.0.5 from lock file\nnpm error Missing: slash@3.0.0 from lock file\nnpm error Missing: @bcoe/v8-coverage@0.2.3 from lock file\nnpm error Missing: @jridgewell/trace-mapping@0.3.31 from lock file\nnpm error Missing: collect-v8-coverage@1.0.2 from lock file\nnpm error Missing: glob@10.4.5 from lock file\nnpm error Missing: istanbul-lib-coverage@3.2.2 from lock file\nnpm error Missing: istanbul-lib-instrument@6.0.3 from lock file\nnpm error Missing: istanbul-lib-report@3.0.1 from lock file\nnpm error Missing: istanbul-lib-source-maps@5.0.6 from lock file\nnpm error Missing: istanbul-reports@3.2.0 from lock file\nnpm error Missing: jest-worker@30.1.0 from lock file\nnpm error Missing: string-length@4.0.2 from lock file\nnpm error Missing: v8-to-istanbul@9.3.0 from lock file\nnpm error Missing: @types/istanbul-lib-coverage@2.0.6 from lock file\nnpm error Missing: @babel/core@7.28.4 from lock file\nnpm error Missing: babel-plugin-istanbul@7.0.1 from lock file\nnpm error Missing: convert-source-map@2.0.0 from lock file\nnpm error Missing: fast-json-stable-stringify@2.1.0 from lock file\nnpm error Missing: pirates@4.0.7 from lock file\nnpm error Missing: write-file-atomic@5.0.1 from lock file\nnpm error Missing: @babel/code-frame@7.27.1 from lock file\nnpm error Missing: @babel/generator@7.28.3 from lock file\nnpm error Missing: @babel/helper-compilation-targets@7.27.2 from lock file\nnpm error Missing: @babel/helper-module-transforms@7.28.3 from lock file\nnpm error Missing: @babel/helpers@7.28.4 from lock file\nnpm error Missing: @babel/parser@7.28.4 from lock file\nnpm error Missing: @babel/template@7.27.2 from lock file\nnpm error Missing: @babel/traverse@7.28.4 from lock file\nnpm error Missing: @babel/types@7.28.4 from lock file\nnpm error Missing: @jridgewell/remapping@2.3.5 from lock file\nnpm error Missing: debug@4.4.3 from lock file\nnpm error Missing: gensync@1.0.0-beta.2 from lock file\nnpm error Missing: json5@2.2.3 from lock file\nnpm error Missing: semver@6.3.1 from lock file\nnpm error Missing: @babel/helper-validator-identifier@7.27.1 from lock file\nnpm error Missing: js-tokens@4.0.0 from lock file\nnpm error Missing: picocolors@1.1.1 from lock file\nnpm error Missing: @jridgewell/gen-mapping@0.3.13 from lock file\nnpm error Missing: jsesc@3.1.0 from lock file\nnpm error Missing: @babel/compat-data@7.28.4 from lock file\nnpm error Missing: @babel/helper-validator-option@7.27.1 from lock file\nnpm error Missing: browserslist@4.26.2 from lock file\nnpm error Missing: lru-cache@5.1.1 from lock file\nnpm error Missing: semver@6.3.1 from lock file\nnpm error Missing: @babel/helper-module-imports@7.27.1 from lock file\nnpm error Missing: @babel/helper-globals@7.28.0 from lock file\nnpm error Missing: debug@4.4.3 from lock file\nnpm error Missing: @babel/helper-string-parser@7.27.1 from lock file\nnpm error Missing: @jest/schemas@30.0.5 from lock file\nnpm error Missing: @types/istanbul-reports@3.0.4 from lock file\nnpm error Missing: @types/yargs@17.0.33 from lock file\nnpm error Missing: @sinclair/typebox@0.34.41 from lock file\nnpm error Missing: @jridgewell/sourcemap-codec@1.5.5 from lock file\nnpm error Missing: @jridgewell/resolve-uri@3.1.2 from lock file\nnpm error Missing: @types/istanbul-lib-report@3.0.3 from lock file\nnpm error Missing: @types/yargs-parser@21.0.3 from lock file\nnpm error Missing: type-fest@0.21.3 from lock file\nnpm error Missing: @babel/helper-plugin-utils@7.27.1 from lock file\nnpm error Missing: @istanbuljs/load-nyc-config@1.1.0 from lock file\nnpm error Missing: @istanbuljs/schema@0.1.3 from lock file\nnpm error Missing: test-exclude@6.0.0 from lock file\nnpm error Missing: camelcase@5.3.1 from lock file\nnpm error Missing: find-up@4.1.0 from lock file\nnpm error Missing: get-package-type@0.1.0 from lock file\nnpm error Missing: js-yaml@3.14.1 from lock file\nnpm error Missing: resolve-from@5.0.0 from lock file\nnpm error Missing: baseline-browser-mapping@2.8.6 from lock file\nnpm error Missing: caniuse-lite@1.0.30001743 from lock file\nnpm error Missing: electron-to-chromium@1.5.222 from lock file\nnpm error Missing: node-releases@2.0.21 from lock file\nnpm error Missing: update-browserslist-db@1.1.3 from lock file\nnpm error Missing: supports-color@7.2.0 from lock file\nnpm error Missing: locate-path@5.0.0 from lock file\nnpm error Missing: path-exists@4.0.0 from lock file\nnpm error Missing: foreground-child@3.3.1 from lock file\nnpm error Missing: jackspeak@3.4.3 from lock file\nnpm error Missing: minimatch@9.0.5 from lock file\nnpm error Missing: minipass@7.1.2 from lock file\nnpm error Missing: package-json-from-dist@1.0.1 from lock file\nnpm error Missing: path-scurry@1.11.1 from lock file\nnpm error Missing: cross-spawn@7.0.6 from lock file\nnpm error Missing: signal-exit@4.1.0 from lock file\nnpm error Missing: path-key@3.1.1 from lock file\nnpm error Missing: shebang-command@2.0.0 from lock file\nnpm error Missing: which@2.0.2 from lock file\nnpm error Missing: pkg-dir@4.2.0 from lock file\nnpm error Missing: resolve-cwd@3.0.0 from lock file\nnpm error Missing: make-dir@4.0.0 from lock file\nnpm error Missing: debug@4.4.3 from lock file\nnpm error Missing: html-escaper@2.0.2 from lock file\nnpm error Missing: @isaacs/cliui@8.0.2 from lock file\nnpm error Missing: @pkgjs/parseargs@0.11.0 from lock file\nnpm error Missing: string-width@5.1.2 from lock file\nnpm error Missing: string-width-cjs@4.2.3 from lock file\nnpm error Missing: strip-ansi@7.1.2 from lock file\nnpm error Missing: strip-ansi-cjs@6.0.1 from lock file\nnpm error Missing: wrap-ansi@8.1.0 from lock file\nnpm error Missing: wrap-ansi-cjs@7.0.0 from lock file\nnpm error Missing: execa@5.1.1 from lock file\nnpm error Missing: get-stream@6.0.1 from lock file\nnpm error Missing: human-signals@2.1.0 from lock file\nnpm error Missing: merge-stream@2.0.0 from lock file\nnpm error Missing: npm-run-path@4.0.1 from lock file\nnpm error Missing: onetime@5.1.2 from lock file\nnpm error Missing: signal-exit@3.0.7 from lock file\nnpm error Missing: strip-final-newline@2.0.0 from lock file\nnpm error Missing: @jest/get-type@30.1.0 from lock file\nnpm error Missing: @jest/test-sequencer@30.1.3 from lock file\nnpm error Missing: babel-jest@30.1.2 from lock file\nnpm error Missing: deepmerge@4.3.1 from lock file\nnpm error Missing: jest-circus@30.1.3 from lock file\nnpm error Missing: jest-docblock@30.0.1 from lock file\nnpm error Missing: jest-environment-node@30.1.2 from lock file\nnpm error Missing: parse-json@5.2.0 from lock file\nnpm error Missing: strip-json-comments@3.1.1 from lock file\nnpm error Missing: @types/babel__core@7.20.5 from lock file\nnpm error Missing: babel-preset-jest@30.0.1 from lock file\nnpm error Missing: @types/babel__generator@7.27.0 from lock file\nnpm error Missing: @types/babel__template@7.4.4 from lock file\nnpm error Missing: @types/babel__traverse@7.28.0 from lock file\nnpm error Missing: babel-plugin-jest-hoist@30.0.1 from lock file\nnpm error Missing: babel-preset-current-node-syntax@1.2.0 from lock file\nnpm error Missing: @babel/plugin-syntax-async-generators@7.8.4 from lock file\nnpm error Missing: @babel/plugin-syntax-bigint@7.8.3 from lock file\nnpm error Missing: @babel/plugin-syntax-class-properties@7.12.13 from lock file\nnpm error Missing: @babel/plugin-syntax-class-static-block@7.14.5 from lock file\nnpm error Missing: @babel/plugin-syntax-import-attributes@7.27.1 from lock file\nnpm error Missing: @babel/plugin-syntax-import-meta@7.10.4 from lock file\nnpm error Missing: @babel/plugin-syntax-json-strings@7.8.3 from lock file\nnpm error Missing: @babel/plugin-syntax-logical-assignment-operators@7.10.4 from lock file\nnpm error Missing: @babel/plugin-syntax-nullish-coalescing-operator@7.8.3 from lock file\nnpm error Missing: @babel/plugin-syntax-numeric-separator@7.10.4 from lock file\nnpm error Missing: @babel/plugin-syntax-object-rest-spread@7.8.3 from lock file\nnpm error Missing: @babel/plugin-syntax-optional-catch-binding@7.8.3 from lock file\nnpm error Missing: @babel/plugin-syntax-optional-chaining@7.8.3 from lock file\nnpm error Missing: @babel/plugin-syntax-private-property-in-object@7.14.5 from lock file\nnpm error Missing: @babel/plugin-syntax-top-level-await@7.14.5 from lock file\nnpm error Missing: @jest/environment@30.1.2 from lock file\nnpm error Missing: @jest/expect@30.1.2 from lock file\nnpm error Missing: co@4.6.0 from lock file\nnpm error Missing: dedent@1.7.0 from lock file\nnpm error Missing: is-generator-fn@2.1.0 from lock file\nnpm error Missing: jest-each@30.1.0 from lock file\nnpm error Missing: jest-matcher-utils@30.1.2 from lock file\nnpm error Missing: pure-rand@7.0.1 from lock file\nnpm error Missing: stack-utils@2.0.6 from lock file\nnpm error Missing: @jest/fake-timers@30.1.2 from lock file\nnpm error Missing: jest-mock@30.0.5 from lock file\nnpm error Missing: expect@30.1.2 from lock file\nnpm error Missing: @sinonjs/fake-timers@13.0.5 from lock file\nnpm error Missing: @sinonjs/commons@3.0.1 from lock file\nnpm error Missing: type-detect@4.0.8 from lock file\nnpm error Missing: @jest/expect-utils@30.1.2 from lock file\nnpm error Missing: detect-newline@3.1.0 from lock file\nnpm error Missing: anymatch@3.1.3 from lock file\nnpm error Missing: fb-watchman@2.0.2 from lock file\nnpm error Missing: fsevents@2.3.3 from lock file\nnpm error Missing: walker@1.0.8 from lock file\nnpm error Missing: normalize-path@3.0.0 from lock file\nnpm error Missing: picomatch@2.3.1 from lock file\nnpm error Missing: bser@2.1.1 from lock file\nnpm error Missing: node-int64@0.4.0 from lock file\nnpm error Missing: jest-diff@30.1.2 from lock file\nnpm error Missing: @jest/diff-sequences@30.0.1 from lock file\nnpm error Missing: @types/stack-utils@2.0.3 from lock file\nnpm error Missing: jest-pnp-resolver@1.2.3 from lock file\nnpm error Missing: unrs-resolver@1.11.1 from lock file\nnpm error Missing: emittery@0.13.1 from lock file\nnpm error Missing: jest-leak-detector@30.1.0 from lock file\nnpm error Missing: source-map-support@0.5.13 from lock file\nnpm error Missing: @jest/globals@30.1.2 from lock file\nnpm error Missing: @jest/source-map@30.0.1 from lock file\nnpm error Missing: cjs-module-lexer@2.1.0 from lock file\nnpm error Missing: strip-bom@4.0.0 from lock file\nnpm error Missing: callsites@3.1.0 from lock file\nnpm error Missing: @babel/plugin-syntax-jsx@7.27.1 from lock file\nnpm error Missing: @babel/plugin-syntax-typescript@7.27.1 from lock file\nnpm error Missing: @jest/snapshot-utils@30.1.2 from lock file\nnpm error Missing: synckit@0.11.11 from lock file\nnpm error Missing: natural-compare@1.4.0 from lock file\nnpm error Missing: picomatch@4.0.3 from lock file\nnpm error Missing: camelcase@6.3.0 from lock file\nnpm error Missing: leven@3.1.0 from lock file\nnpm error Missing: @ungap/structured-clone@1.3.0 from lock file\nnpm error Missing: supports-color@8.1.1 from lock file\nnpm error Missing: argparse@1.0.10 from lock file\nnpm error Missing: esprima@4.0.1 from lock file\nnpm error Missing: sprintf-js@1.0.3 from lock file\nnpm error Missing: p-locate@4.1.0 from lock file\nnpm error Missing: braces@3.0.3 from lock file\nnpm error Missing: fill-range@7.1.1 from lock file\nnpm error Missing: to-regex-range@5.0.1 from lock file\nnpm error Missing: brace-expansion@2.0.2 from lock file\nnpm error Missing: balanced-match@1.0.2 from lock file\nnpm error Missing: mimic-fn@2.1.0 from lock file\nnpm error Missing: p-limit@2.3.0 from lock file\nnpm error Missing: error-ex@1.3.4 from lock file\nnpm error Missing: json-parse-even-better-errors@2.3.1 from lock file\nnpm error Missing: lines-and-columns@1.2.4 from lock file\nnpm error Missing: is-arrayish@0.2.1 from lock file\nnpm error Missing: lru-cache@10.4.3 from lock file\nnpm error Missing: ansi-styles@5.2.0 from lock file\nnpm error Missing: react-is@18.3.1 from lock file\nnpm error Missing: shebang-regex@3.0.0 from lock file\nnpm error Missing: buffer-from@1.1.2 from lock file\nnpm error Missing: source-map@0.6.1 from lock file\nnpm error Missing: escape-string-regexp@2.0.0 from lock file\nnpm error Missing: char-regex@1.0.2 from lock file\nnpm error Missing: has-flag@4.0.0 from lock file\nnpm error Missing: @pkgr/core@0.2.9 from lock file\nnpm error Missing: glob@7.2.3 from lock file\nnpm error Missing: minimatch@3.1.2 from lock file\nnpm error Missing: is-number@7.0.0 from lock file\nnpm error Missing: @unrs/resolver-binding-android-arm-eabi@1.11.1 from lock file\nnpm error Missing: @unrs/resolver-binding-android-arm64@1.11.1 from lock file\nnpm error Missing: @unrs/resolver-binding-darwin-arm64@1.11.1 from lock file\nnpm error Missing: @unrs/resolver-binding-darwin-x64@1.11.1 from lock file\nnpm error Missing: @unrs/resolver-binding-freebsd-x64@1.11.1 from lock file\nnpm error Missing: @unrs/resolver-binding-linux-arm-gnueabihf@1.11.1 from lock file\nnpm error Missing: @unrs/resolver-binding-linux-arm-musleabihf@1.11.1 from lock file\nnpm error Missing: @unrs/resolver-binding-linux-arm64-gnu@1.11.1 from lock file\nnpm error Missing: @unrs/resolver-binding-linux-arm64-musl@1.11.1 from lock file\nnpm error Missing: @unrs/resolver-binding-linux-ppc64-gnu@1.11.1 from lock file\nnpm error Missing: @unrs/resolver-binding-linux-riscv64-gnu@1.11.1 from lock file\nnpm error Missing: @unrs/resolver-binding-linux-riscv64-musl@1.11.1 from lock file\nnpm error Missing: @unrs/resolver-binding-linux-s390x-gnu@1.11.1 from lock file\nnpm error Missing: @unrs/resolver-binding-linux-x64-gnu@1.11.1 from lock file\nnpm error Missing: @unrs/resolver-binding-linux-x64-musl@1.11.1 from lock file\nnpm error Missing: @unrs/resolver-binding-wasm32-wasi@1.11.1 from lock file\nnpm error Missing: @unrs/resolver-binding-win32-arm64-msvc@1.11.1 from lock file\nnpm error Missing: @unrs/resolver-binding-win32-ia32-msvc@1.11.1 from lock file\nnpm error Missing: @unrs/resolver-binding-win32-x64-msvc@1.11.1 from lock file\nnpm error Missing: napi-postinstall@0.3.3 from lock file\nnpm error Missing: @napi-rs/wasm-runtime@0.2.12 from lock file\nnpm error Missing: @emnapi/core@1.5.0 from lock file\nnpm error Missing: @emnapi/runtime@1.5.0 from lock file\nnpm error Missing: @tybys/wasm-util@0.10.1 from lock file\nnpm error Missing: @emnapi/wasi-threads@1.1.0 from lock file\nnpm error Missing: makeerror@1.0.12 from lock file\nnpm error Missing: tmpl@1.0.5 from lock file\nnpm error Missing: isexe@2.0.0 from lock file\nnpm error Missing: imurmurhash@0.1.4 from lock file\nnpm error Missing: ms@2.1.3 from lock file\nnpm error Missing: yallist@3.1.1 from lock file\nnpm error Missing: ms@2.1.3 from lock file\nnpm error Missing: eastasianwidth@0.2.0 from lock file\nnpm error Missing: emoji-regex@9.2.2 from lock file\nnpm error Missing: ansi-regex@6.2.2 from lock file\nnpm error Missing: ansi-styles@6.2.3 from lock file\nnpm error Missing: ms@2.1.3 from lock file\nnpm error Missing: p-try@2.2.0 from lock file\nnpm error Missing: fs.realpath@1.0.0 from lock file\nnpm error Missing: inflight@1.0.6 from lock file\nnpm error Missing: path-is-absolute@1.0.1 from lock file\nnpm error Missing: brace-expansion@1.1.12 from lock file\nnpm error Missing: concat-map@0.0.1 from lock file\nnpm error\nnpm error Clean install a project\nnpm error\nnpm error Usage:\nnpm error npm ci\nnpm error\nnpm error Options:\nnpm error [--install-strategy <hoisted|nested|shallow|linked>] [--legacy-bundling]\nnpm error [--global-style] [--omit <dev|optional|peer> [--omit <dev|optional|peer> ...]]\nnpm error [--include <prod|dev|optional|peer> [--include <prod|dev|optional|peer> ...]]\nnpm error [--strict-peer-deps] [--foreground-scripts] [--ignore-scripts] [--no-audit]\nnpm error [--no-bin-links] [--no-fund] [--dry-run]\nnpm error [-w|--workspace <workspace-name> [-w|--workspace <workspace-name> ...]]\nnpm error [-ws|--workspaces] [--include-workspace-root] [--install-links]\nnpm error\nnpm error aliases: clean-install, ic, install-clean, isntall-clean\nnpm error\nnpm error Run \"npm help ci\" for more info\nnpm error A complete log of this run can be found in: /www-data-home/.npm/_logs/2025-09-23T01_47_27_211Z-debug-0.log. For more details see the logs at https://console.cloud.google.com/cloud-build/builds;region=us-central1/f73ff6c7-0545-4241-9e09-62b3741abfc0?project=469079304917."
    },
    "status": 3,
    "code": 3
  }
}
[debug] [2025-09-23T01:48:08.194Z] Error: Failed to update function helloWorld in region us-central1
    at C:\Users\acer0\AppData\Roaming\npm\node_modules\firebase-tools\lib\deploy\functions\release\fabricator.js:411:19
    at process.processTicksAndRejections (node:internal/process/task_queues:105:5)
    at async Fabricator.updateV2Function (C:\Users\acer0\AppData\Roaming\npm\node_modules\firebase-tools\lib\deploy\functions\release\fabricator.js:400:32)
    at async Fabricator.updateEndpoint (C:\Users\acer0\AppData\Roaming\npm\node_modules\firebase-tools\lib\deploy\functions\release\fabricator.js:160:13)
    at async handle (C:\Users\acer0\AppData\Roaming\npm\node_modules\firebase-tools\lib\deploy\functions\release\fabricator.js:89:17)
[error] 
[error] Error: There was an error deploying functions
